{"C:\\Users\\Thomas Gil\\Documents\\Udemy\\thomas-gil.herokuapp.com-master\\client\\src\\AdminRoute.js": {"path":"C:\\Users\\Thomas Gil\\Documents\\Udemy\\thomas-gil.herokuapp.com-master\\client\\src\\AdminRoute.js","statementMap":{"0":{"start":{"line":7,"column":26},"end":{"line":21,"column":1}},"1":{"start":{"line":8,"column":17},"end":{"line":8,"column":68}},"2":{"start":{"line":8,"column":48},"end":{"line":8,"column":65}},"3":{"start":{"line":9,"column":4},"end":{"line":20,"column":5}},"4":{"start":{"line":10,"column":8},"end":{"line":15,"column":9}},"5":{"start":{"line":17,"column":8},"end":{"line":19,"column":9}}},"fnMap":{"0":{"name":"(anonymous_0)","decl":{"start":{"line":7,"column":26},"end":{"line":7,"column":27}},"loc":{"start":{"line":7,"column":32},"end":{"line":21,"column":1}},"line":7},"1":{"name":"(anonymous_1)","decl":{"start":{"line":8,"column":29},"end":{"line":8,"column":30}},"loc":{"start":{"line":8,"column":46},"end":{"line":8,"column":67}},"line":8}},"branchMap":{"0":{"loc":{"start":{"line":9,"column":4},"end":{"line":20,"column":5}},"type":"if","locations":[{"start":{"line":9,"column":4},"end":{"line":20,"column":5}},{"start":{"line":9,"column":4},"end":{"line":20,"column":5}}],"line":9}},"s":{"0":1,"1":0,"2":0,"3":0,"4":0,"5":0},"f":{"0":0,"1":0},"b":{"0":[0,0]},"_coverageSchema":"43e27e138ebf9cfc5966b082cf9a028302ed4184","hash":"658186ab5e3c2b709c36e7fdaab9ebf599133000"}
,"C:\\Users\\Thomas Gil\\Documents\\Udemy\\thomas-gil.herokuapp.com-master\\client\\src\\App.js": {"path":"C:\\Users\\Thomas Gil\\Documents\\Udemy\\thomas-gil.herokuapp.com-master\\client\\src\\App.js","statementMap":{"0":{"start":{"line":13,"column":2},"end":{"line":26,"column":4}}},"fnMap":{"0":{"name":"App","decl":{"start":{"line":12,"column":9},"end":{"line":12,"column":12}},"loc":{"start":{"line":12,"column":15},"end":{"line":27,"column":1}},"line":12}},"branchMap":{},"s":{"0":1},"f":{"0":1},"b":{},"_coverageSchema":"43e27e138ebf9cfc5966b082cf9a028302ed4184","hash":"cd8f219b0490c896e215d0e6bb29a166930807d8"}
,"C:\\Users\\Thomas Gil\\Documents\\Udemy\\thomas-gil.herokuapp.com-master\\client\\src\\config.js": {"path":"C:\\Users\\Thomas Gil\\Documents\\Udemy\\thomas-gil.herokuapp.com-master\\client\\src\\config.js","statementMap":{"0":{"start":{"line":1,"column":17},"end":{"line":1,"column":46}}},"fnMap":{},"branchMap":{},"s":{"0":1},"f":{},"b":{},"_coverageSchema":"43e27e138ebf9cfc5966b082cf9a028302ed4184","hash":"2e33055d131f59748c9bf8b9f8ba179b7512c0df"}
,"C:\\Users\\Thomas Gil\\Documents\\Udemy\\thomas-gil.herokuapp.com-master\\client\\src\\index.js": {"path":"C:\\Users\\Thomas Gil\\Documents\\Udemy\\thomas-gil.herokuapp.com-master\\client\\src\\index.js","statementMap":{"0":{"start":{"line":12,"column":16},"end":{"line":12,"column":68}},"1":{"start":{"line":14,"column":14},"end":{"line":14,"column":101}},"2":{"start":{"line":15,"column":0},"end":{"line":15,"column":27}},"3":{"start":{"line":16,"column":0},"end":{"line":16,"column":26}},"4":{"start":{"line":17,"column":0},"end":{"line":19,"column":1}},"5":{"start":{"line":18,"column":2},"end":{"line":18,"column":57}},"6":{"start":{"line":22,"column":0},"end":{"line":27,"column":2}}},"fnMap":{},"branchMap":{"0":{"loc":{"start":{"line":17,"column":0},"end":{"line":19,"column":1}},"type":"if","locations":[{"start":{"line":17,"column":0},"end":{"line":19,"column":1}},{"start":{"line":17,"column":0},"end":{"line":19,"column":1}}],"line":17}},"s":{"0":0,"1":0,"2":0,"3":0,"4":0,"5":0,"6":0},"f":{},"b":{"0":[0,0]},"hash":"c1ccf8fda94cb32db5c3c1f192336e4ad1c6a81f"}
,"C:\\Users\\Thomas Gil\\Documents\\Udemy\\thomas-gil.herokuapp.com-master\\client\\src\\actions\\index.js": {"path":"C:\\Users\\Thomas Gil\\Documents\\Udemy\\thomas-gil.herokuapp.com-master\\client\\src\\actions\\index.js","statementMap":{"0":{"start":{"line":6,"column":25},"end":{"line":6,"column":36}},"1":{"start":{"line":7,"column":28},"end":{"line":7,"column":42}},"2":{"start":{"line":8,"column":25},"end":{"line":8,"column":36}},"3":{"start":{"line":9,"column":24},"end":{"line":9,"column":34}},"4":{"start":{"line":10,"column":30},"end":{"line":10,"column":46}},"5":{"start":{"line":11,"column":24},"end":{"line":11,"column":34}},"6":{"start":{"line":12,"column":31},"end":{"line":12,"column":48}},"7":{"start":{"line":13,"column":28},"end":{"line":13,"column":42}},"8":{"start":{"line":14,"column":36},"end":{"line":14,"column":58}},"9":{"start":{"line":15,"column":27},"end":{"line":15,"column":42}},"10":{"start":{"line":18,"column":4},"end":{"line":21,"column":6}},"11":{"start":{"line":20,"column":6},"end":{"line":20,"column":67}},"12":{"start":{"line":25,"column":2},"end":{"line":31,"column":4}},"13":{"start":{"line":26,"column":4},"end":{"line":30,"column":64}},"14":{"start":{"line":28,"column":8},"end":{"line":28,"column":59}},"15":{"start":{"line":30,"column":32},"end":{"line":30,"column":60}},"16":{"start":{"line":34,"column":2},"end":{"line":41,"column":3}},"17":{"start":{"line":36,"column":4},"end":{"line":39,"column":6}},"18":{"start":{"line":40,"column":4},"end":{"line":40,"column":63}},"19":{"start":{"line":40,"column":21},"end":{"line":40,"column":53}},"20":{"start":{"line":44,"column":2},"end":{"line":50,"column":4}},"21":{"start":{"line":45,"column":4},"end":{"line":49,"column":64}},"22":{"start":{"line":47,"column":8},"end":{"line":47,"column":65}},"23":{"start":{"line":49,"column":32},"end":{"line":49,"column":60}},"24":{"start":{"line":54,"column":2},"end":{"line":57,"column":4}},"25":{"start":{"line":56,"column":4},"end":{"line":56,"column":52}},"26":{"start":{"line":59,"column":23},"end":{"line":79,"column":1}},"27":{"start":{"line":61,"column":2},"end":{"line":78,"column":7}},"28":{"start":{"line":70,"column":6},"end":{"line":72,"column":7}},"29":{"start":{"line":71,"column":8},"end":{"line":71,"column":23}},"30":{"start":{"line":73,"column":6},"end":{"line":74,"column":25}},"31":{"start":{"line":74,"column":6},"end":{"line":74,"column":25}},"32":{"start":{"line":77,"column":6},"end":{"line":77,"column":23}},"33":{"start":{"line":81,"column":28},"end":{"line":89,"column":1}},"34":{"start":{"line":82,"column":2},"end":{"line":85,"column":3}},"35":{"start":{"line":83,"column":4},"end":{"line":83,"column":54}},"36":{"start":{"line":84,"column":4},"end":{"line":84,"column":10}},"37":{"start":{"line":86,"column":2},"end":{"line":88,"column":3}},"38":{"start":{"line":87,"column":4},"end":{"line":87,"column":25}},"39":{"start":{"line":92,"column":2},"end":{"line":96,"column":4}},"40":{"start":{"line":93,"column":4},"end":{"line":95,"column":5}},"41":{"start":{"line":94,"column":6},"end":{"line":94,"column":81}},"42":{"start":{"line":99,"column":24},"end":{"line":114,"column":1}},"43":{"start":{"line":100,"column":2},"end":{"line":113,"column":7}},"44":{"start":{"line":109,"column":6},"end":{"line":109,"column":29}},"45":{"start":{"line":112,"column":6},"end":{"line":112,"column":23}},"46":{"start":{"line":115,"column":24},"end":{"line":130,"column":1}},"47":{"start":{"line":116,"column":2},"end":{"line":129,"column":7}},"48":{"start":{"line":125,"column":6},"end":{"line":125,"column":29}},"49":{"start":{"line":128,"column":6},"end":{"line":128,"column":23}},"50":{"start":{"line":131,"column":26},"end":{"line":144,"column":1}},"51":{"start":{"line":132,"column":2},"end":{"line":143,"column":36}},"52":{"start":{"line":141,"column":6},"end":{"line":141,"column":28}},"53":{"start":{"line":143,"column":18},"end":{"line":143,"column":34}},"54":{"start":{"line":147,"column":2},"end":{"line":149,"column":4}},"55":{"start":{"line":148,"column":4},"end":{"line":148,"column":51}},"56":{"start":{"line":152,"column":2},"end":{"line":154,"column":4}},"57":{"start":{"line":153,"column":4},"end":{"line":153,"column":62}}},"fnMap":{"0":{"name":"setLang","decl":{"start":{"line":17,"column":16},"end":{"line":17,"column":23}},"loc":{"start":{"line":17,"column":42},"end":{"line":22,"column":3}},"line":17},"1":{"name":"(anonymous_1)","decl":{"start":{"line":18,"column":11},"end":{"line":18,"column":12}},"loc":{"start":{"line":18,"column":31},"end":{"line":21,"column":5}},"line":18},"2":{"name":"getSites","decl":{"start":{"line":24,"column":16},"end":{"line":24,"column":24}},"loc":{"start":{"line":24,"column":27},"end":{"line":32,"column":1}},"line":24},"3":{"name":"(anonymous_3)","decl":{"start":{"line":25,"column":9},"end":{"line":25,"column":10}},"loc":{"start":{"line":25,"column":29},"end":{"line":31,"column":3}},"line":25},"4":{"name":"(anonymous_4)","decl":{"start":{"line":27,"column":12},"end":{"line":27,"column":13}},"loc":{"start":{"line":27,"column":32},"end":{"line":29,"column":7}},"line":27},"5":{"name":"(anonymous_5)","decl":{"start":{"line":30,"column":13},"end":{"line":30,"column":14}},"loc":{"start":{"line":30,"column":30},"end":{"line":30,"column":62}},"line":30},"6":{"name":"setAlert","decl":{"start":{"line":33,"column":16},"end":{"line":33,"column":24}},"loc":{"start":{"line":33,"column":57},"end":{"line":42,"column":1}},"line":33},"7":{"name":"(anonymous_7)","decl":{"start":{"line":34,"column":9},"end":{"line":34,"column":10}},"loc":{"start":{"line":34,"column":29},"end":{"line":41,"column":3}},"line":34},"8":{"name":"(anonymous_8)","decl":{"start":{"line":40,"column":15},"end":{"line":40,"column":16}},"loc":{"start":{"line":40,"column":21},"end":{"line":40,"column":53}},"line":40},"9":{"name":"getSite","decl":{"start":{"line":43,"column":16},"end":{"line":43,"column":23}},"loc":{"start":{"line":43,"column":32},"end":{"line":51,"column":1}},"line":43},"10":{"name":"(anonymous_10)","decl":{"start":{"line":44,"column":9},"end":{"line":44,"column":10}},"loc":{"start":{"line":44,"column":29},"end":{"line":50,"column":3}},"line":44},"11":{"name":"(anonymous_11)","decl":{"start":{"line":46,"column":12},"end":{"line":46,"column":13}},"loc":{"start":{"line":46,"column":32},"end":{"line":48,"column":7}},"line":46},"12":{"name":"(anonymous_12)","decl":{"start":{"line":49,"column":13},"end":{"line":49,"column":14}},"loc":{"start":{"line":49,"column":30},"end":{"line":49,"column":62}},"line":49},"13":{"name":"setAccept","decl":{"start":{"line":53,"column":16},"end":{"line":53,"column":25}},"loc":{"start":{"line":53,"column":28},"end":{"line":58,"column":1}},"line":53},"14":{"name":"(anonymous_14)","decl":{"start":{"line":54,"column":9},"end":{"line":54,"column":10}},"loc":{"start":{"line":54,"column":29},"end":{"line":57,"column":3}},"line":54},"15":{"name":"(anonymous_15)","decl":{"start":{"line":59,"column":23},"end":{"line":59,"column":24}},"loc":{"start":{"line":59,"column":33},"end":{"line":79,"column":1}},"line":59},"16":{"name":"(anonymous_16)","decl":{"start":{"line":69,"column":10},"end":{"line":69,"column":11}},"loc":{"start":{"line":69,"column":18},"end":{"line":75,"column":5}},"line":69},"17":{"name":"(anonymous_17)","decl":{"start":{"line":76,"column":11},"end":{"line":76,"column":12}},"loc":{"start":{"line":76,"column":18},"end":{"line":78,"column":5}},"line":76},"18":{"name":"(anonymous_18)","decl":{"start":{"line":81,"column":28},"end":{"line":81,"column":29}},"loc":{"start":{"line":81,"column":43},"end":{"line":89,"column":1}},"line":81},"19":{"name":"setUser","decl":{"start":{"line":91,"column":16},"end":{"line":91,"column":23}},"loc":{"start":{"line":91,"column":26},"end":{"line":97,"column":1}},"line":91},"20":{"name":"(anonymous_20)","decl":{"start":{"line":92,"column":9},"end":{"line":92,"column":10}},"loc":{"start":{"line":92,"column":29},"end":{"line":96,"column":3}},"line":92},"21":{"name":"(anonymous_21)","decl":{"start":{"line":99,"column":24},"end":{"line":99,"column":25}},"loc":{"start":{"line":99,"column":49},"end":{"line":114,"column":1}},"line":99},"22":{"name":"(anonymous_22)","decl":{"start":{"line":108,"column":10},"end":{"line":108,"column":11}},"loc":{"start":{"line":108,"column":22},"end":{"line":110,"column":5}},"line":108},"23":{"name":"(anonymous_23)","decl":{"start":{"line":111,"column":11},"end":{"line":111,"column":12}},"loc":{"start":{"line":111,"column":18},"end":{"line":113,"column":5}},"line":111},"24":{"name":"(anonymous_24)","decl":{"start":{"line":115,"column":24},"end":{"line":115,"column":25}},"loc":{"start":{"line":115,"column":57},"end":{"line":130,"column":1}},"line":115},"25":{"name":"(anonymous_25)","decl":{"start":{"line":124,"column":10},"end":{"line":124,"column":11}},"loc":{"start":{"line":124,"column":22},"end":{"line":126,"column":5}},"line":124},"26":{"name":"(anonymous_26)","decl":{"start":{"line":127,"column":11},"end":{"line":127,"column":12}},"loc":{"start":{"line":127,"column":18},"end":{"line":129,"column":5}},"line":127},"27":{"name":"(anonymous_27)","decl":{"start":{"line":131,"column":26},"end":{"line":131,"column":27}},"loc":{"start":{"line":131,"column":53},"end":{"line":144,"column":1}},"line":131},"28":{"name":"(anonymous_28)","decl":{"start":{"line":140,"column":10},"end":{"line":140,"column":11}},"loc":{"start":{"line":140,"column":22},"end":{"line":142,"column":5}},"line":140},"29":{"name":"(anonymous_29)","decl":{"start":{"line":143,"column":11},"end":{"line":143,"column":12}},"loc":{"start":{"line":143,"column":18},"end":{"line":143,"column":34}},"line":143},"30":{"name":"setNewSite","decl":{"start":{"line":146,"column":16},"end":{"line":146,"column":26}},"loc":{"start":{"line":146,"column":33},"end":{"line":150,"column":1}},"line":146},"31":{"name":"(anonymous_31)","decl":{"start":{"line":147,"column":9},"end":{"line":147,"column":10}},"loc":{"start":{"line":147,"column":29},"end":{"line":149,"column":3}},"line":147},"32":{"name":"clearToUpdateSite","decl":{"start":{"line":151,"column":16},"end":{"line":151,"column":33}},"loc":{"start":{"line":151,"column":40},"end":{"line":155,"column":1}},"line":151},"33":{"name":"(anonymous_33)","decl":{"start":{"line":152,"column":9},"end":{"line":152,"column":10}},"loc":{"start":{"line":152,"column":29},"end":{"line":154,"column":3}},"line":152}},"branchMap":{"0":{"loc":{"start":{"line":33,"column":41},"end":{"line":33,"column":55}},"type":"default-arg","locations":[{"start":{"line":33,"column":51},"end":{"line":33,"column":55}}],"line":33},"1":{"loc":{"start":{"line":70,"column":6},"end":{"line":72,"column":7}},"type":"if","locations":[{"start":{"line":70,"column":6},"end":{"line":72,"column":7}},{"start":{"line":70,"column":6},"end":{"line":72,"column":7}}],"line":70},"2":{"loc":{"start":{"line":73,"column":6},"end":{"line":74,"column":25}},"type":"if","locations":[{"start":{"line":73,"column":6},"end":{"line":74,"column":25}},{"start":{"line":73,"column":6},"end":{"line":74,"column":25}}],"line":73},"3":{"loc":{"start":{"line":82,"column":2},"end":{"line":85,"column":3}},"type":"if","locations":[{"start":{"line":82,"column":2},"end":{"line":85,"column":3}},{"start":{"line":82,"column":2},"end":{"line":85,"column":3}}],"line":82},"4":{"loc":{"start":{"line":86,"column":2},"end":{"line":88,"column":3}},"type":"if","locations":[{"start":{"line":86,"column":2},"end":{"line":88,"column":3}},{"start":{"line":86,"column":2},"end":{"line":88,"column":3}}],"line":86},"5":{"loc":{"start":{"line":93,"column":4},"end":{"line":95,"column":5}},"type":"if","locations":[{"start":{"line":93,"column":4},"end":{"line":95,"column":5}},{"start":{"line":93,"column":4},"end":{"line":95,"column":5}}],"line":93}},"s":{"0":1,"1":1,"2":1,"3":1,"4":1,"5":1,"6":1,"7":1,"8":1,"9":1,"10":0,"11":0,"12":0,"13":0,"14":0,"15":0,"16":0,"17":0,"18":0,"19":0,"20":0,"21":0,"22":0,"23":0,"24":0,"25":0,"26":1,"27":0,"28":0,"29":0,"30":0,"31":0,"32":0,"33":1,"34":0,"35":0,"36":0,"37":0,"38":0,"39":0,"40":0,"41":0,"42":1,"43":0,"44":0,"45":0,"46":1,"47":0,"48":0,"49":0,"50":1,"51":0,"52":0,"53":0,"54":0,"55":0,"56":0,"57":0},"f":{"0":0,"1":0,"2":0,"3":0,"4":0,"5":0,"6":0,"7":0,"8":0,"9":0,"10":0,"11":0,"12":0,"13":0,"14":0,"15":0,"16":0,"17":0,"18":0,"19":0,"20":0,"21":0,"22":0,"23":0,"24":0,"25":0,"26":0,"27":0,"28":0,"29":0,"30":0,"31":0,"32":0,"33":0},"b":{"0":[0],"1":[0,0],"2":[0,0],"3":[0,0],"4":[0,0],"5":[0,0]},"_coverageSchema":"43e27e138ebf9cfc5966b082cf9a028302ed4184","hash":"8cfdc9464634b578d412ff8b792415b28dca9a6f"}
,"C:\\Users\\Thomas Gil\\Documents\\Udemy\\thomas-gil.herokuapp.com-master\\client\\src\\components\\AdminDashboard.js": {"path":"C:\\Users\\Thomas Gil\\Documents\\Udemy\\thomas-gil.herokuapp.com-master\\client\\src\\components\\AdminDashboard.js","statementMap":{"0":{"start":{"line":7,"column":23},"end":{"line":18,"column":1}},"1":{"start":{"line":8,"column":4},"end":{"line":17,"column":5}}},"fnMap":{"0":{"name":"(anonymous_0)","decl":{"start":{"line":7,"column":23},"end":{"line":7,"column":24}},"loc":{"start":{"line":7,"column":29},"end":{"line":18,"column":1}},"line":7}},"branchMap":{},"s":{"0":1,"1":0},"f":{"0":0},"b":{},"_coverageSchema":"43e27e138ebf9cfc5966b082cf9a028302ed4184","hash":"6848561c55e2c0a800007f336b0a557629b92737"}
,"C:\\Users\\Thomas Gil\\Documents\\Udemy\\thomas-gil.herokuapp.com-master\\client\\src\\components\\CV.js": {"path":"C:\\Users\\Thomas Gil\\Documents\\Udemy\\thomas-gil.herokuapp.com-master\\client\\src\\components\\CV.js","statementMap":{"0":{"start":{"line":11,"column":11},"end":{"line":33,"column":1}},"1":{"start":{"line":12,"column":21},"end":{"line":12,"column":57}},"2":{"start":{"line":12,"column":42},"end":{"line":12,"column":56}},"3":{"start":{"line":13,"column":4},"end":{"line":15,"column":5}},"4":{"start":{"line":14,"column":8},"end":{"line":14,"column":44}},"5":{"start":{"line":16,"column":4},"end":{"line":18,"column":5}},"6":{"start":{"line":17,"column":8},"end":{"line":17,"column":40}},"7":{"start":{"line":20,"column":4},"end":{"line":32,"column":5}}},"fnMap":{"0":{"name":"(anonymous_0)","decl":{"start":{"line":11,"column":11},"end":{"line":11,"column":12}},"loc":{"start":{"line":11,"column":17},"end":{"line":33,"column":1}},"line":11},"1":{"name":"(anonymous_1)","decl":{"start":{"line":12,"column":33},"end":{"line":12,"column":34}},"loc":{"start":{"line":12,"column":42},"end":{"line":12,"column":56}},"line":12}},"branchMap":{"0":{"loc":{"start":{"line":13,"column":4},"end":{"line":15,"column":5}},"type":"if","locations":[{"start":{"line":13,"column":4},"end":{"line":15,"column":5}},{"start":{"line":13,"column":4},"end":{"line":15,"column":5}}],"line":13},"1":{"loc":{"start":{"line":16,"column":4},"end":{"line":18,"column":5}},"type":"if","locations":[{"start":{"line":16,"column":4},"end":{"line":18,"column":5}},{"start":{"line":16,"column":4},"end":{"line":18,"column":5}}],"line":16},"2":{"loc":{"start":{"line":23,"column":1},"end":{"line":23,"column":73}},"type":"binary-expr","locations":[{"start":{"line":23,"column":1},"end":{"line":23,"column":16}},{"start":{"line":23,"column":21},"end":{"line":23,"column":72}}],"line":23},"3":{"loc":{"start":{"line":24,"column":1},"end":{"line":24,"column":77}},"type":"binary-expr","locations":[{"start":{"line":24,"column":1},"end":{"line":24,"column":16}},{"start":{"line":24,"column":21},"end":{"line":24,"column":76}}],"line":24}},"s":{"0":1,"1":0,"2":0,"3":0,"4":0,"5":0,"6":0,"7":0},"f":{"0":0,"1":0},"b":{"0":[0,0],"1":[0,0],"2":[0,0],"3":[0,0]},"_coverageSchema":"43e27e138ebf9cfc5966b082cf9a028302ed4184","hash":"769db075402684b62045cabf74d8afbb678b49fc"}
,"C:\\Users\\Thomas Gil\\Documents\\Udemy\\thomas-gil.herokuapp.com-master\\client\\src\\components\\CV2.js": {"path":"C:\\Users\\Thomas Gil\\Documents\\Udemy\\thomas-gil.herokuapp.com-master\\client\\src\\components\\CV2.js","statementMap":{"0":{"start":{"line":4,"column":12},"end":{"line":214,"column":1}},"1":{"start":{"line":5,"column":4},"end":{"line":213,"column":5}}},"fnMap":{"0":{"name":"(anonymous_0)","decl":{"start":{"line":4,"column":12},"end":{"line":4,"column":13}},"loc":{"start":{"line":4,"column":18},"end":{"line":214,"column":1}},"line":4}},"branchMap":{},"s":{"0":1,"1":0},"f":{"0":0},"b":{},"_coverageSchema":"43e27e138ebf9cfc5966b082cf9a028302ed4184","hash":"2ec951b0123f0a3d900930d9579406cd5628036f"}
,"C:\\Users\\Thomas Gil\\Documents\\Udemy\\thomas-gil.herokuapp.com-master\\client\\src\\components\\Contact.js": {"path":"C:\\Users\\Thomas Gil\\Documents\\Udemy\\thomas-gil.herokuapp.com-master\\client\\src\\components\\Contact.js","statementMap":{"0":{"start":{"line":7,"column":16},"end":{"line":23,"column":1}},"1":{"start":{"line":9,"column":4},"end":{"line":9,"column":47}},"2":{"start":{"line":10,"column":4},"end":{"line":22,"column":5}}},"fnMap":{"0":{"name":"(anonymous_0)","decl":{"start":{"line":7,"column":16},"end":{"line":7,"column":17}},"loc":{"start":{"line":7,"column":22},"end":{"line":23,"column":1}},"line":7}},"branchMap":{},"s":{"0":1,"1":0,"2":0},"f":{"0":0},"b":{},"_coverageSchema":"43e27e138ebf9cfc5966b082cf9a028302ed4184","hash":"293d5e959fca00af536678a07e74d573f1a696a3"}
,"C:\\Users\\Thomas Gil\\Documents\\Udemy\\thomas-gil.herokuapp.com-master\\client\\src\\components\\EditSiteItemPage.js": {"path":"C:\\Users\\Thomas Gil\\Documents\\Udemy\\thomas-gil.herokuapp.com-master\\client\\src\\components\\EditSiteItemPage.js","statementMap":{"0":{"start":{"line":6,"column":0},"end":{"line":6,"column":16}},"1":{"start":{"line":8,"column":25},"end":{"line":115,"column":1}},"2":{"start":{"line":9,"column":20},"end":{"line":9,"column":32}},"3":{"start":{"line":10,"column":25},"end":{"line":10,"column":65}},"4":{"start":{"line":10,"column":46},"end":{"line":10,"column":64}},"5":{"start":{"line":11,"column":17},"end":{"line":11,"column":49}},"6":{"start":{"line":11,"column":38},"end":{"line":11,"column":48}},"7":{"start":{"line":12,"column":21},"end":{"line":12,"column":34}},"8":{"start":{"line":13,"column":30},"end":{"line":20,"column":6}},"9":{"start":{"line":28,"column":8},"end":{"line":28,"column":12}},"10":{"start":{"line":29,"column":17},"end":{"line":39,"column":5}},"11":{"start":{"line":30,"column":8},"end":{"line":30,"column":43}},"12":{"start":{"line":31,"column":8},"end":{"line":37,"column":10}},"13":{"start":{"line":38,"column":8},"end":{"line":38,"column":25}},"14":{"start":{"line":41,"column":4},"end":{"line":43,"column":10}},"15":{"start":{"line":42,"column":8},"end":{"line":42,"column":14}},"16":{"start":{"line":45,"column":25},"end":{"line":50,"column":5}},"17":{"start":{"line":47,"column":22},"end":{"line":47,"column":36}},"18":{"start":{"line":48,"column":8},"end":{"line":48,"column":55}},"19":{"start":{"line":49,"column":8},"end":{"line":49,"column":25}},"20":{"start":{"line":51,"column":30},"end":{"line":54,"column":5}},"21":{"start":{"line":52,"column":8},"end":{"line":52,"column":66}},"22":{"start":{"line":53,"column":8},"end":{"line":53,"column":25}},"23":{"start":{"line":57,"column":8},"end":{"line":57,"column":31}},"24":{"start":{"line":59,"column":8},"end":{"line":59,"column":25}},"25":{"start":{"line":60,"column":8},"end":{"line":69,"column":61}},"26":{"start":{"line":62,"column":16},"end":{"line":62,"column":37}},"27":{"start":{"line":63,"column":16},"end":{"line":63,"column":66}},"28":{"start":{"line":65,"column":16},"end":{"line":65,"column":37}},"29":{"start":{"line":66,"column":16},"end":{"line":66,"column":46}},"30":{"start":{"line":67,"column":16},"end":{"line":67,"column":48}},"31":{"start":{"line":69,"column":38},"end":{"line":69,"column":57}},"32":{"start":{"line":72,"column":4},"end":{"line":114,"column":5}}},"fnMap":{"0":{"name":"(anonymous_0)","decl":{"start":{"line":8,"column":25},"end":{"line":8,"column":26}},"loc":{"start":{"line":8,"column":40},"end":{"line":115,"column":1}},"line":8},"1":{"name":"(anonymous_1)","decl":{"start":{"line":10,"column":37},"end":{"line":10,"column":38}},"loc":{"start":{"line":10,"column":46},"end":{"line":10,"column":64}},"line":10},"2":{"name":"(anonymous_2)","decl":{"start":{"line":11,"column":29},"end":{"line":11,"column":30}},"loc":{"start":{"line":11,"column":38},"end":{"line":11,"column":48}},"line":11},"3":{"name":"(anonymous_3)","decl":{"start":{"line":29,"column":17},"end":{"line":29,"column":18}},"loc":{"start":{"line":29,"column":23},"end":{"line":39,"column":5}},"line":29},"4":{"name":"(anonymous_4)","decl":{"start":{"line":41,"column":14},"end":{"line":41,"column":15}},"loc":{"start":{"line":41,"column":20},"end":{"line":43,"column":5}},"line":41},"5":{"name":"(anonymous_5)","decl":{"start":{"line":45,"column":25},"end":{"line":45,"column":26}},"loc":{"start":{"line":45,"column":30},"end":{"line":50,"column":5}},"line":45},"6":{"name":"(anonymous_6)","decl":{"start":{"line":51,"column":30},"end":{"line":51,"column":31}},"loc":{"start":{"line":51,"column":35},"end":{"line":54,"column":5}},"line":51},"7":{"name":"handleSubmit","decl":{"start":{"line":56,"column":13},"end":{"line":56,"column":25}},"loc":{"start":{"line":56,"column":33},"end":{"line":70,"column":5}},"line":56},"8":{"name":"(anonymous_8)","decl":{"start":{"line":61,"column":18},"end":{"line":61,"column":19}},"loc":{"start":{"line":61,"column":38},"end":{"line":68,"column":13}},"line":61},"9":{"name":"(anonymous_9)","decl":{"start":{"line":69,"column":19},"end":{"line":69,"column":20}},"loc":{"start":{"line":69,"column":36},"end":{"line":69,"column":59}},"line":69}},"branchMap":{"0":{"loc":{"start":{"line":23,"column":8},"end":{"line":23,"column":26}},"type":"default-arg","locations":[{"start":{"line":23,"column":16},"end":{"line":23,"column":26}}],"line":23},"1":{"loc":{"start":{"line":24,"column":8},"end":{"line":24,"column":21}},"type":"default-arg","locations":[{"start":{"line":24,"column":13},"end":{"line":24,"column":21}}],"line":24},"2":{"loc":{"start":{"line":74,"column":13},"end":{"line":107,"column":13}},"type":"binary-expr","locations":[{"start":{"line":74,"column":13},"end":{"line":74,"column":17}},{"start":{"line":74,"column":21},"end":{"line":74,"column":33}},{"start":{"line":75,"column":16},"end":{"line":106,"column":22}}],"line":74},"3":{"loc":{"start":{"line":78,"column":25},"end":{"line":80,"column":25}},"type":"binary-expr","locations":[{"start":{"line":78,"column":25},"end":{"line":78,"column":51}},{"start":{"line":79,"column":28},"end":{"line":79,"column":110}}],"line":78}},"s":{"0":1,"1":1,"2":0,"3":0,"4":0,"5":0,"6":0,"7":0,"8":0,"9":0,"10":0,"11":0,"12":0,"13":0,"14":0,"15":0,"16":0,"17":0,"18":0,"19":0,"20":0,"21":0,"22":0,"23":0,"24":0,"25":0,"26":0,"27":0,"28":0,"29":0,"30":0,"31":0,"32":0},"f":{"0":0,"1":0,"2":0,"3":0,"4":0,"5":0,"6":0,"7":0,"8":0,"9":0},"b":{"0":[0],"1":[0],"2":[0,0,0],"3":[0,0]},"_coverageSchema":"43e27e138ebf9cfc5966b082cf9a028302ed4184","hash":"70298a26933138bfcc1ca8b02572f7aabfafc815"}
,"C:\\Users\\Thomas Gil\\Documents\\Udemy\\thomas-gil.herokuapp.com-master\\client\\src\\components\\Home.js": {"path":"C:\\Users\\Thomas Gil\\Documents\\Udemy\\thomas-gil.herokuapp.com-master\\client\\src\\components\\Home.js","statementMap":{"0":{"start":{"line":17,"column":13},"end":{"line":63,"column":1}},"1":{"start":{"line":19,"column":19},"end":{"line":19,"column":55}},"2":{"start":{"line":19,"column":40},"end":{"line":19,"column":54}},"3":{"start":{"line":20,"column":0},"end":{"line":22,"column":5}},"4":{"start":{"line":21,"column":8},"end":{"line":21,"column":50}},"5":{"start":{"line":23,"column":4},"end":{"line":25,"column":5}},"6":{"start":{"line":24,"column":8},"end":{"line":24,"column":45}},"7":{"start":{"line":27,"column":2},"end":{"line":62,"column":3}}},"fnMap":{"0":{"name":"(anonymous_0)","decl":{"start":{"line":17,"column":13},"end":{"line":17,"column":14}},"loc":{"start":{"line":17,"column":19},"end":{"line":63,"column":1}},"line":17},"1":{"name":"(anonymous_1)","decl":{"start":{"line":19,"column":31},"end":{"line":19,"column":32}},"loc":{"start":{"line":19,"column":40},"end":{"line":19,"column":54}},"line":19}},"branchMap":{"0":{"loc":{"start":{"line":20,"column":0},"end":{"line":22,"column":5}},"type":"if","locations":[{"start":{"line":20,"column":0},"end":{"line":22,"column":5}},{"start":{"line":20,"column":0},"end":{"line":22,"column":5}}],"line":20},"1":{"loc":{"start":{"line":23,"column":4},"end":{"line":25,"column":5}},"type":"if","locations":[{"start":{"line":23,"column":4},"end":{"line":25,"column":5}},{"start":{"line":23,"column":4},"end":{"line":25,"column":5}}],"line":23},"2":{"loc":{"start":{"line":36,"column":7},"end":{"line":49,"column":7}},"type":"binary-expr","locations":[{"start":{"line":36,"column":7},"end":{"line":36,"column":24}},{"start":{"line":37,"column":8},"end":{"line":48,"column":19}}],"line":36},"3":{"loc":{"start":{"line":50,"column":7},"end":{"line":59,"column":7}},"type":"binary-expr","locations":[{"start":{"line":50,"column":7},"end":{"line":50,"column":24}},{"start":{"line":51,"column":8},"end":{"line":58,"column":19}}],"line":50}},"s":{"0":1,"1":0,"2":0,"3":0,"4":0,"5":0,"6":0,"7":0},"f":{"0":0,"1":0},"b":{"0":[0,0],"1":[0,0],"2":[0,0],"3":[0,0]},"_coverageSchema":"43e27e138ebf9cfc5966b082cf9a028302ed4184","hash":"7d8c2de30d3afc5aa0915c16a702a1ce16dfada1"}
,"C:\\Users\\Thomas Gil\\Documents\\Udemy\\thomas-gil.herokuapp.com-master\\client\\src\\components\\MentionsLegales.js": {"path":"C:\\Users\\Thomas Gil\\Documents\\Udemy\\thomas-gil.herokuapp.com-master\\client\\src\\components\\MentionsLegales.js","statementMap":{"0":{"start":{"line":6,"column":24},"end":{"line":128,"column":1}},"1":{"start":{"line":8,"column":4},"end":{"line":127,"column":5}}},"fnMap":{"0":{"name":"(anonymous_0)","decl":{"start":{"line":6,"column":24},"end":{"line":6,"column":25}},"loc":{"start":{"line":6,"column":30},"end":{"line":128,"column":1}},"line":6}},"branchMap":{},"s":{"0":1,"1":0},"f":{"0":0},"b":{},"_coverageSchema":"43e27e138ebf9cfc5966b082cf9a028302ed4184","hash":"aa8848e1b7229155fcf4df251b8b484df840e01e"}
,"C:\\Users\\Thomas Gil\\Documents\\Udemy\\thomas-gil.herokuapp.com-master\\client\\src\\components\\Signin.js": {"path":"C:\\Users\\Thomas Gil\\Documents\\Udemy\\thomas-gil.herokuapp.com-master\\client\\src\\components\\Signin.js","statementMap":{"0":{"start":{"line":8,"column":15},"end":{"line":19,"column":1}},"1":{"start":{"line":9,"column":4},"end":{"line":18,"column":5}}},"fnMap":{"0":{"name":"(anonymous_0)","decl":{"start":{"line":8,"column":15},"end":{"line":8,"column":16}},"loc":{"start":{"line":8,"column":21},"end":{"line":19,"column":1}},"line":8}},"branchMap":{},"s":{"0":1,"1":0},"f":{"0":0},"b":{},"_coverageSchema":"43e27e138ebf9cfc5966b082cf9a028302ed4184","hash":"e880152d625861e916a264f9a79f2f9e47954059"}
,"C:\\Users\\Thomas Gil\\Documents\\Udemy\\thomas-gil.herokuapp.com-master\\client\\src\\components\\minorComponents\\Cookie.js": {"path":"C:\\Users\\Thomas Gil\\Documents\\Udemy\\thomas-gil.herokuapp.com-master\\client\\src\\components\\minorComponents\\Cookie.js","statementMap":{"0":{"start":{"line":7,"column":15},"end":{"line":43,"column":1}},"1":{"start":{"line":8,"column":19},"end":{"line":8,"column":55}},"2":{"start":{"line":8,"column":42},"end":{"line":8,"column":54}},"3":{"start":{"line":9,"column":21},"end":{"line":9,"column":34}},"4":{"start":{"line":11,"column":4},"end":{"line":15,"column":19}},"5":{"start":{"line":12,"column":8},"end":{"line":14,"column":9}},"6":{"start":{"line":13,"column":12},"end":{"line":13,"column":33}},"7":{"start":{"line":16,"column":4},"end":{"line":42,"column":5}},"8":{"start":{"line":24,"column":16},"end":{"line":24,"column":38}}},"fnMap":{"0":{"name":"(anonymous_0)","decl":{"start":{"line":7,"column":15},"end":{"line":7,"column":16}},"loc":{"start":{"line":7,"column":21},"end":{"line":43,"column":1}},"line":7},"1":{"name":"(anonymous_1)","decl":{"start":{"line":8,"column":31},"end":{"line":8,"column":32}},"loc":{"start":{"line":8,"column":42},"end":{"line":8,"column":54}},"line":8},"2":{"name":"(anonymous_2)","decl":{"start":{"line":11,"column":14},"end":{"line":11,"column":15}},"loc":{"start":{"line":11,"column":26},"end":{"line":15,"column":5}},"line":11},"3":{"name":"(anonymous_3)","decl":{"start":{"line":23,"column":22},"end":{"line":23,"column":23}},"loc":{"start":{"line":23,"column":28},"end":{"line":25,"column":13}},"line":23}},"branchMap":{"0":{"loc":{"start":{"line":12,"column":8},"end":{"line":14,"column":9}},"type":"if","locations":[{"start":{"line":12,"column":8},"end":{"line":14,"column":9}},{"start":{"line":12,"column":8},"end":{"line":14,"column":9}}],"line":12}},"s":{"0":1,"1":0,"2":0,"3":0,"4":0,"5":0,"6":0,"7":0,"8":0},"f":{"0":0,"1":0,"2":0,"3":0},"b":{"0":[0,0]},"_coverageSchema":"43e27e138ebf9cfc5966b082cf9a028302ed4184","hash":"b3f7a40aff30a9b3ae805d751b6ab243c48a0d03"}
,"C:\\Users\\Thomas Gil\\Documents\\Udemy\\thomas-gil.herokuapp.com-master\\client\\src\\components\\minorComponents\\Footer.js": {"path":"C:\\Users\\Thomas Gil\\Documents\\Udemy\\thomas-gil.herokuapp.com-master\\client\\src\\components\\minorComponents\\Footer.js","statementMap":{"0":{"start":{"line":5,"column":15},"end":{"line":42,"column":1}},"1":{"start":{"line":6,"column":21},"end":{"line":6,"column":57}},"2":{"start":{"line":6,"column":42},"end":{"line":6,"column":56}},"3":{"start":{"line":7,"column":23},"end":{"line":16,"column":5}},"4":{"start":{"line":8,"column":8},"end":{"line":15,"column":9}},"5":{"start":{"line":19,"column":4},"end":{"line":41,"column":5}}},"fnMap":{"0":{"name":"(anonymous_0)","decl":{"start":{"line":5,"column":15},"end":{"line":5,"column":16}},"loc":{"start":{"line":5,"column":21},"end":{"line":42,"column":1}},"line":5},"1":{"name":"(anonymous_1)","decl":{"start":{"line":6,"column":33},"end":{"line":6,"column":34}},"loc":{"start":{"line":6,"column":42},"end":{"line":6,"column":56}},"line":6},"2":{"name":"(anonymous_2)","decl":{"start":{"line":7,"column":23},"end":{"line":7,"column":24}},"loc":{"start":{"line":7,"column":37},"end":{"line":16,"column":5}},"line":7}},"branchMap":{"0":{"loc":{"start":{"line":36,"column":94},"end":{"line":36,"column":133}},"type":"binary-expr","locations":[{"start":{"line":36,"column":94},"end":{"line":36,"column":111}},{"start":{"line":36,"column":115},"end":{"line":36,"column":133}}],"line":36},"1":{"loc":{"start":{"line":36,"column":135},"end":{"line":36,"column":170}},"type":"binary-expr","locations":[{"start":{"line":36,"column":135},"end":{"line":36,"column":152}},{"start":{"line":36,"column":156},"end":{"line":36,"column":170}}],"line":36}},"s":{"0":1,"1":0,"2":0,"3":0,"4":0,"5":0},"f":{"0":0,"1":0,"2":0},"b":{"0":[0,0],"1":[0,0]},"_coverageSchema":"43e27e138ebf9cfc5966b082cf9a028302ed4184","hash":"268c7501d490dfe3bc695d9200ac45ba6b8a71b6"}
,"C:\\Users\\Thomas Gil\\Documents\\Udemy\\thomas-gil.herokuapp.com-master\\client\\src\\components\\minorComponents\\HomeHeader.js": {"path":"C:\\Users\\Thomas Gil\\Documents\\Udemy\\thomas-gil.herokuapp.com-master\\client\\src\\components\\minorComponents\\HomeHeader.js","statementMap":{"0":{"start":{"line":6,"column":19},"end":{"line":20,"column":1}},"1":{"start":{"line":8,"column":4},"end":{"line":19,"column":5}}},"fnMap":{"0":{"name":"(anonymous_0)","decl":{"start":{"line":6,"column":19},"end":{"line":6,"column":20}},"loc":{"start":{"line":6,"column":25},"end":{"line":20,"column":1}},"line":6}},"branchMap":{},"s":{"0":1,"1":0},"f":{"0":0},"b":{},"_coverageSchema":"43e27e138ebf9cfc5966b082cf9a028302ed4184","hash":"0c216fb368b885f3feaad8169f3302c241cee003"}
,"C:\\Users\\Thomas Gil\\Documents\\Udemy\\thomas-gil.herokuapp.com-master\\client\\src\\components\\minorComponents\\LaptopAndSkills.js": {"path":"C:\\Users\\Thomas Gil\\Documents\\Udemy\\thomas-gil.herokuapp.com-master\\client\\src\\components\\minorComponents\\LaptopAndSkills.js","statementMap":{"0":{"start":{"line":3,"column":24},"end":{"line":25,"column":1}},"1":{"start":{"line":4,"column":4},"end":{"line":24,"column":5}}},"fnMap":{"0":{"name":"(anonymous_0)","decl":{"start":{"line":3,"column":24},"end":{"line":3,"column":25}},"loc":{"start":{"line":3,"column":30},"end":{"line":25,"column":1}},"line":3}},"branchMap":{},"s":{"0":1,"1":0},"f":{"0":0},"b":{},"_coverageSchema":"43e27e138ebf9cfc5966b082cf9a028302ed4184","hash":"93143ced32d0336df9e8a6ce6347aa2b1ff0de4e"}
,"C:\\Users\\Thomas Gil\\Documents\\Udemy\\thomas-gil.herokuapp.com-master\\client\\src\\components\\minorComponents\\LastWorks.js": {"path":"C:\\Users\\Thomas Gil\\Documents\\Udemy\\thomas-gil.herokuapp.com-master\\client\\src\\components\\minorComponents\\LastWorks.js","statementMap":{"0":{"start":{"line":6,"column":18},"end":{"line":22,"column":1}},"1":{"start":{"line":7,"column":21},"end":{"line":7,"column":57}},"2":{"start":{"line":7,"column":42},"end":{"line":7,"column":56}},"3":{"start":{"line":8,"column":4},"end":{"line":21,"column":5}}},"fnMap":{"0":{"name":"(anonymous_0)","decl":{"start":{"line":6,"column":18},"end":{"line":6,"column":19}},"loc":{"start":{"line":6,"column":24},"end":{"line":22,"column":1}},"line":6},"1":{"name":"(anonymous_1)","decl":{"start":{"line":7,"column":33},"end":{"line":7,"column":34}},"loc":{"start":{"line":7,"column":42},"end":{"line":7,"column":56}},"line":7}},"branchMap":{"0":{"loc":{"start":{"line":11,"column":17},"end":{"line":11,"column":84}},"type":"binary-expr","locations":[{"start":{"line":11,"column":17},"end":{"line":11,"column":34}},{"start":{"line":11,"column":38},"end":{"line":11,"column":84}}],"line":11},"1":{"loc":{"start":{"line":12,"column":17},"end":{"line":12,"column":81}},"type":"binary-expr","locations":[{"start":{"line":12,"column":17},"end":{"line":12,"column":34}},{"start":{"line":12,"column":38},"end":{"line":12,"column":81}}],"line":12}},"s":{"0":1,"1":0,"2":0,"3":0},"f":{"0":0,"1":0},"b":{"0":[0,0],"1":[0,0]},"_coverageSchema":"43e27e138ebf9cfc5966b082cf9a028302ed4184","hash":"41e961609c6073889c3929e65da6a7414f3aac80"}
,"C:\\Users\\Thomas Gil\\Documents\\Udemy\\thomas-gil.herokuapp.com-master\\client\\src\\components\\minorComponents\\Menu.js": {"path":"C:\\Users\\Thomas Gil\\Documents\\Udemy\\thomas-gil.herokuapp.com-master\\client\\src\\components\\minorComponents\\Menu.js","statementMap":{"0":{"start":{"line":8,"column":13},"end":{"line":54,"column":1}},"1":{"start":{"line":9,"column":21},"end":{"line":9,"column":34}},"2":{"start":{"line":10,"column":21},"end":{"line":10,"column":57}},"3":{"start":{"line":10,"column":42},"end":{"line":10,"column":56}},"4":{"start":{"line":12,"column":25},"end":{"line":15,"column":5}},"5":{"start":{"line":13,"column":8},"end":{"line":13,"column":40}},"6":{"start":{"line":14,"column":8},"end":{"line":14,"column":52}},"7":{"start":{"line":17,"column":4},"end":{"line":53,"column":6}}},"fnMap":{"0":{"name":"(anonymous_0)","decl":{"start":{"line":8,"column":13},"end":{"line":8,"column":14}},"loc":{"start":{"line":8,"column":19},"end":{"line":54,"column":1}},"line":8},"1":{"name":"(anonymous_1)","decl":{"start":{"line":10,"column":33},"end":{"line":10,"column":34}},"loc":{"start":{"line":10,"column":42},"end":{"line":10,"column":56}},"line":10},"2":{"name":"(anonymous_2)","decl":{"start":{"line":12,"column":25},"end":{"line":12,"column":26}},"loc":{"start":{"line":12,"column":30},"end":{"line":15,"column":5}},"line":12}},"branchMap":{"0":{"loc":{"start":{"line":35,"column":21},"end":{"line":47,"column":21}},"type":"binary-expr","locations":[{"start":{"line":35,"column":21},"end":{"line":35,"column":38}},{"start":{"line":36,"column":24},"end":{"line":46,"column":33}}],"line":35}},"s":{"0":1,"1":0,"2":0,"3":0,"4":0,"5":0,"6":0,"7":0},"f":{"0":0,"1":0,"2":0},"b":{"0":[0,0]},"_coverageSchema":"43e27e138ebf9cfc5966b082cf9a028302ed4184","hash":"a16b04e7bf8d2366115b2ed6fce72b47238f6ab0"}
,"C:\\Users\\Thomas Gil\\Documents\\Udemy\\thomas-gil.herokuapp.com-master\\client\\src\\components\\minorComponents\\Skills.js": {"path":"C:\\Users\\Thomas Gil\\Documents\\Udemy\\thomas-gil.herokuapp.com-master\\client\\src\\components\\minorComponents\\Skills.js","statementMap":{"0":{"start":{"line":4,"column":15},"end":{"line":67,"column":1}},"1":{"start":{"line":5,"column":4},"end":{"line":66,"column":5}}},"fnMap":{"0":{"name":"(anonymous_0)","decl":{"start":{"line":4,"column":15},"end":{"line":4,"column":16}},"loc":{"start":{"line":4,"column":21},"end":{"line":67,"column":1}},"line":4}},"branchMap":{},"s":{"0":1,"1":0},"f":{"0":0},"b":{},"_coverageSchema":"43e27e138ebf9cfc5966b082cf9a028302ed4184","hash":"f22e80e60dae4c5a6008abce9e85d5c39b45a18b"}
,"C:\\Users\\Thomas Gil\\Documents\\Udemy\\thomas-gil.herokuapp.com-master\\client\\src\\components\\minorComponents\\WorkCardItem.js": {"path":"C:\\Users\\Thomas Gil\\Documents\\Udemy\\thomas-gil.herokuapp.com-master\\client\\src\\components\\minorComponents\\WorkCardItem.js","statementMap":{"0":{"start":{"line":5,"column":21},"end":{"line":81,"column":1}},"1":{"start":{"line":6,"column":18},"end":{"line":6,"column":70}},"2":{"start":{"line":6,"column":49},"end":{"line":6,"column":67}},"3":{"start":{"line":7,"column":21},"end":{"line":7,"column":57}},"4":{"start":{"line":7,"column":42},"end":{"line":7,"column":56}},"5":{"start":{"line":8,"column":34},"end":{"line":10,"column":6}},"6":{"start":{"line":12,"column":32},"end":{"line":18,"column":5}},"7":{"start":{"line":13,"column":8},"end":{"line":13,"column":24}},"8":{"start":{"line":14,"column":8},"end":{"line":16,"column":11}},"9":{"start":{"line":17,"column":8},"end":{"line":17,"column":28}},"10":{"start":{"line":19,"column":32},"end":{"line":25,"column":5}},"11":{"start":{"line":20,"column":8},"end":{"line":20,"column":24}},"12":{"start":{"line":21,"column":8},"end":{"line":23,"column":11}},"13":{"start":{"line":24,"column":8},"end":{"line":24,"column":28}},"14":{"start":{"line":29,"column":21},"end":{"line":70,"column":5}},"15":{"start":{"line":30,"column":8},"end":{"line":69,"column":9}},"16":{"start":{"line":34,"column":44},"end":{"line":34,"column":69}},"17":{"start":{"line":35,"column":44},"end":{"line":35,"column":69}},"18":{"start":{"line":71,"column":4},"end":{"line":80,"column":5}},"19":{"start":{"line":74,"column":16},"end":{"line":77,"column":22}}},"fnMap":{"0":{"name":"(anonymous_0)","decl":{"start":{"line":5,"column":21},"end":{"line":5,"column":22}},"loc":{"start":{"line":5,"column":27},"end":{"line":81,"column":1}},"line":5},"1":{"name":"(anonymous_1)","decl":{"start":{"line":6,"column":30},"end":{"line":6,"column":31}},"loc":{"start":{"line":6,"column":47},"end":{"line":6,"column":69}},"line":6},"2":{"name":"(anonymous_2)","decl":{"start":{"line":7,"column":33},"end":{"line":7,"column":34}},"loc":{"start":{"line":7,"column":42},"end":{"line":7,"column":56}},"line":7},"3":{"name":"(anonymous_3)","decl":{"start":{"line":12,"column":32},"end":{"line":12,"column":33}},"loc":{"start":{"line":12,"column":39},"end":{"line":18,"column":5}},"line":12},"4":{"name":"(anonymous_4)","decl":{"start":{"line":19,"column":32},"end":{"line":19,"column":33}},"loc":{"start":{"line":19,"column":39},"end":{"line":25,"column":5}},"line":19},"5":{"name":"(anonymous_5)","decl":{"start":{"line":29,"column":21},"end":{"line":29,"column":22}},"loc":{"start":{"line":29,"column":70},"end":{"line":70,"column":5}},"line":29},"6":{"name":"(anonymous_6)","decl":{"start":{"line":34,"column":38},"end":{"line":34,"column":39}},"loc":{"start":{"line":34,"column":44},"end":{"line":34,"column":69}},"line":34},"7":{"name":"(anonymous_7)","decl":{"start":{"line":35,"column":38},"end":{"line":35,"column":39}},"loc":{"start":{"line":35,"column":44},"end":{"line":35,"column":69}},"line":35},"8":{"name":"(anonymous_8)","decl":{"start":{"line":73,"column":39},"end":{"line":73,"column":40}},"loc":{"start":{"line":74,"column":16},"end":{"line":77,"column":22}},"line":74}},"branchMap":{"0":{"loc":{"start":{"line":37,"column":25},"end":{"line":53,"column":29}},"type":"cond-expr","locations":[{"start":{"line":38,"column":28},"end":{"line":50,"column":32}},{"start":{"line":52,"column":32},"end":{"line":52,"column":127}}],"line":37},"1":{"loc":{"start":{"line":46,"column":37},"end":{"line":46,"column":145}},"type":"binary-expr","locations":[{"start":{"line":46,"column":37},"end":{"line":46,"column":54}},{"start":{"line":46,"column":58},"end":{"line":46,"column":145}}],"line":46},"2":{"loc":{"start":{"line":47,"column":37},"end":{"line":47,"column":144}},"type":"binary-expr","locations":[{"start":{"line":47,"column":37},"end":{"line":47,"column":54}},{"start":{"line":47,"column":58},"end":{"line":47,"column":144}}],"line":47},"3":{"loc":{"start":{"line":73,"column":13},"end":{"line":78,"column":14}},"type":"binary-expr","locations":[{"start":{"line":73,"column":13},"end":{"line":73,"column":25}},{"start":{"line":73,"column":29},"end":{"line":78,"column":14}}],"line":73}},"s":{"0":1,"1":0,"2":0,"3":0,"4":0,"5":0,"6":0,"7":0,"8":0,"9":0,"10":0,"11":0,"12":0,"13":0,"14":0,"15":0,"16":0,"17":0,"18":0,"19":0},"f":{"0":0,"1":0,"2":0,"3":0,"4":0,"5":0,"6":0,"7":0,"8":0},"b":{"0":[0,0],"1":[0,0],"2":[0,0],"3":[0,0]},"_coverageSchema":"43e27e138ebf9cfc5966b082cf9a028302ed4184","hash":"8b67599a0b67b6871948b201e996b29939bd93f3"}
,"C:\\Users\\Thomas Gil\\Documents\\Udemy\\thomas-gil.herokuapp.com-master\\client\\src\\components\\minorComponents\\admindashboard\\ADHeader.js": {"path":"C:\\Users\\Thomas Gil\\Documents\\Udemy\\thomas-gil.herokuapp.com-master\\client\\src\\components\\minorComponents\\admindashboard\\ADHeader.js","statementMap":{"0":{"start":{"line":3,"column":17},"end":{"line":15,"column":1}},"1":{"start":{"line":4,"column":17},"end":{"line":4,"column":49}},"2":{"start":{"line":4,"column":38},"end":{"line":4,"column":48}},"3":{"start":{"line":6,"column":4},"end":{"line":14,"column":5}}},"fnMap":{"0":{"name":"(anonymous_0)","decl":{"start":{"line":3,"column":17},"end":{"line":3,"column":18}},"loc":{"start":{"line":3,"column":23},"end":{"line":15,"column":1}},"line":3},"1":{"name":"(anonymous_1)","decl":{"start":{"line":4,"column":29},"end":{"line":4,"column":30}},"loc":{"start":{"line":4,"column":38},"end":{"line":4,"column":48}},"line":4}},"branchMap":{"0":{"loc":{"start":{"line":9,"column":52},"end":{"line":9,"column":79}},"type":"binary-expr","locations":[{"start":{"line":9,"column":52},"end":{"line":9,"column":61}},{"start":{"line":9,"column":65},"end":{"line":9,"column":79}}],"line":9}},"s":{"0":1,"1":0,"2":0,"3":0},"f":{"0":0,"1":0},"b":{"0":[0,0]},"_coverageSchema":"43e27e138ebf9cfc5966b082cf9a028302ed4184","hash":"22e8303d118289465f3740fa32b24b7f13333ebb"}
,"C:\\Users\\Thomas Gil\\Documents\\Udemy\\thomas-gil.herokuapp.com-master\\client\\src\\components\\minorComponents\\admindashboard\\ADNewProject.js": {"path":"C:\\Users\\Thomas Gil\\Documents\\Udemy\\thomas-gil.herokuapp.com-master\\client\\src\\components\\minorComponents\\admindashboard\\ADNewProject.js","statementMap":{"0":{"start":{"line":7,"column":21},"end":{"line":103,"column":1}},"1":{"start":{"line":8,"column":20},"end":{"line":8,"column":32}},"2":{"start":{"line":9,"column":21},"end":{"line":9,"column":34}},"3":{"start":{"line":11,"column":17},"end":{"line":11,"column":49}},"4":{"start":{"line":11,"column":38},"end":{"line":11,"column":48}},"5":{"start":{"line":12,"column":46},"end":{"line":12,"column":58}},"6":{"start":{"line":13,"column":30},"end":{"line":20,"column":6}},"7":{"start":{"line":28,"column":8},"end":{"line":28,"column":12}},"8":{"start":{"line":30,"column":17},"end":{"line":32,"column":5}},"9":{"start":{"line":31,"column":8},"end":{"line":31,"column":48}},"10":{"start":{"line":34,"column":4},"end":{"line":36,"column":10}},"11":{"start":{"line":35,"column":8},"end":{"line":35,"column":14}},"12":{"start":{"line":37,"column":25},"end":{"line":42,"column":5}},"13":{"start":{"line":38,"column":22},"end":{"line":38,"column":36}},"14":{"start":{"line":39,"column":8},"end":{"line":39,"column":43}},"15":{"start":{"line":40,"column":8},"end":{"line":40,"column":55}},"16":{"start":{"line":41,"column":8},"end":{"line":41,"column":25}},"17":{"start":{"line":43,"column":30},"end":{"line":46,"column":5}},"18":{"start":{"line":44,"column":8},"end":{"line":44,"column":48}},"19":{"start":{"line":45,"column":8},"end":{"line":45,"column":25}},"20":{"start":{"line":49,"column":8},"end":{"line":49,"column":31}},"21":{"start":{"line":50,"column":8},"end":{"line":52,"column":9}},"22":{"start":{"line":51,"column":12},"end":{"line":51,"column":64}},"23":{"start":{"line":53,"column":8},"end":{"line":71,"column":61}},"24":{"start":{"line":55,"column":16},"end":{"line":55,"column":37}},"25":{"start":{"line":56,"column":16},"end":{"line":56,"column":47}},"26":{"start":{"line":57,"column":16},"end":{"line":64,"column":18}},"27":{"start":{"line":65,"column":16},"end":{"line":65,"column":36}},"28":{"start":{"line":66,"column":16},"end":{"line":66,"column":37}},"29":{"start":{"line":67,"column":16},"end":{"line":67,"column":66}},"30":{"start":{"line":68,"column":16},"end":{"line":68,"column":22}},"31":{"start":{"line":71,"column":38},"end":{"line":71,"column":57}},"32":{"start":{"line":73,"column":4},"end":{"line":102,"column":5}}},"fnMap":{"0":{"name":"(anonymous_0)","decl":{"start":{"line":7,"column":21},"end":{"line":7,"column":22}},"loc":{"start":{"line":7,"column":27},"end":{"line":103,"column":1}},"line":7},"1":{"name":"(anonymous_1)","decl":{"start":{"line":11,"column":29},"end":{"line":11,"column":30}},"loc":{"start":{"line":11,"column":38},"end":{"line":11,"column":48}},"line":11},"2":{"name":"(anonymous_2)","decl":{"start":{"line":30,"column":17},"end":{"line":30,"column":18}},"loc":{"start":{"line":30,"column":23},"end":{"line":32,"column":5}},"line":30},"3":{"name":"(anonymous_3)","decl":{"start":{"line":34,"column":14},"end":{"line":34,"column":15}},"loc":{"start":{"line":34,"column":20},"end":{"line":36,"column":5}},"line":34},"4":{"name":"(anonymous_4)","decl":{"start":{"line":37,"column":25},"end":{"line":37,"column":26}},"loc":{"start":{"line":37,"column":30},"end":{"line":42,"column":5}},"line":37},"5":{"name":"(anonymous_5)","decl":{"start":{"line":43,"column":30},"end":{"line":43,"column":31}},"loc":{"start":{"line":43,"column":35},"end":{"line":46,"column":5}},"line":43},"6":{"name":"handleSubmit","decl":{"start":{"line":48,"column":13},"end":{"line":48,"column":25}},"loc":{"start":{"line":48,"column":33},"end":{"line":72,"column":5}},"line":48},"7":{"name":"(anonymous_7)","decl":{"start":{"line":54,"column":18},"end":{"line":54,"column":19}},"loc":{"start":{"line":54,"column":38},"end":{"line":70,"column":13}},"line":54},"8":{"name":"(anonymous_8)","decl":{"start":{"line":71,"column":19},"end":{"line":71,"column":20}},"loc":{"start":{"line":71,"column":36},"end":{"line":71,"column":59}},"line":71}},"branchMap":{"0":{"loc":{"start":{"line":22,"column":8},"end":{"line":22,"column":18}},"type":"default-arg","locations":[{"start":{"line":22,"column":16},"end":{"line":22,"column":18}}],"line":22},"1":{"loc":{"start":{"line":23,"column":8},"end":{"line":23,"column":24}},"type":"default-arg","locations":[{"start":{"line":23,"column":22},"end":{"line":23,"column":24}}],"line":23},"2":{"loc":{"start":{"line":24,"column":8},"end":{"line":24,"column":16}},"type":"default-arg","locations":[{"start":{"line":24,"column":14},"end":{"line":24,"column":16}}],"line":24},"3":{"loc":{"start":{"line":25,"column":8},"end":{"line":25,"column":21}},"type":"default-arg","locations":[{"start":{"line":25,"column":17},"end":{"line":25,"column":21}}],"line":25},"4":{"loc":{"start":{"line":27,"column":8},"end":{"line":27,"column":28}},"type":"default-arg","locations":[{"start":{"line":27,"column":26},"end":{"line":27,"column":28}}],"line":27}},"s":{"0":1,"1":0,"2":0,"3":0,"4":0,"5":0,"6":0,"7":0,"8":0,"9":0,"10":0,"11":0,"12":0,"13":0,"14":0,"15":0,"16":0,"17":0,"18":0,"19":0,"20":0,"21":0,"22":0,"23":0,"24":0,"25":0,"26":0,"27":0,"28":0,"29":0,"30":0,"31":0,"32":0},"f":{"0":0,"1":0,"2":0,"3":0,"4":0,"5":0,"6":0,"7":0,"8":0},"b":{"0":[0],"1":[0],"2":[0],"3":[0],"4":[0]},"_coverageSchema":"43e27e138ebf9cfc5966b082cf9a028302ed4184","hash":"e20d328b3d9d4f8d14de9043d0910f134debe3b9"}
,"C:\\Users\\Thomas Gil\\Documents\\Udemy\\thomas-gil.herokuapp.com-master\\client\\src\\components\\minorComponents\\admindashboard\\ADProjectGallery.js": {"path":"C:\\Users\\Thomas Gil\\Documents\\Udemy\\thomas-gil.herokuapp.com-master\\client\\src\\components\\minorComponents\\admindashboard\\ADProjectGallery.js","statementMap":{"0":{"start":{"line":5,"column":25},"end":{"line":48,"column":1}},"1":{"start":{"line":6,"column":18},"end":{"line":6,"column":51}},"2":{"start":{"line":6,"column":39},"end":{"line":6,"column":50}},"3":{"start":{"line":7,"column":17},"end":{"line":7,"column":49}},"4":{"start":{"line":7,"column":38},"end":{"line":7,"column":48}},"5":{"start":{"line":8,"column":19},"end":{"line":8,"column":32}},"6":{"start":{"line":9,"column":19},"end":{"line":15,"column":1}},"7":{"start":{"line":9,"column":29},"end":{"line":15,"column":1}},"8":{"start":{"line":10,"column":4},"end":{"line":10,"column":23}},"9":{"start":{"line":11,"column":4},"end":{"line":14,"column":6}},"10":{"start":{"line":13,"column":8},"end":{"line":13,"column":28}},"11":{"start":{"line":16,"column":4},"end":{"line":47,"column":5}},"12":{"start":{"line":22,"column":20},"end":{"line":42,"column":21}}},"fnMap":{"0":{"name":"(anonymous_0)","decl":{"start":{"line":5,"column":25},"end":{"line":5,"column":26}},"loc":{"start":{"line":5,"column":31},"end":{"line":48,"column":1}},"line":5},"1":{"name":"(anonymous_1)","decl":{"start":{"line":6,"column":30},"end":{"line":6,"column":31}},"loc":{"start":{"line":6,"column":39},"end":{"line":6,"column":50}},"line":6},"2":{"name":"(anonymous_2)","decl":{"start":{"line":7,"column":29},"end":{"line":7,"column":30}},"loc":{"start":{"line":7,"column":38},"end":{"line":7,"column":48}},"line":7},"3":{"name":"(anonymous_3)","decl":{"start":{"line":9,"column":19},"end":{"line":9,"column":20}},"loc":{"start":{"line":9,"column":29},"end":{"line":15,"column":1}},"line":9},"4":{"name":"(anonymous_4)","decl":{"start":{"line":9,"column":29},"end":{"line":9,"column":30}},"loc":{"start":{"line":9,"column":32},"end":{"line":15,"column":1}},"line":9},"5":{"name":"(anonymous_5)","decl":{"start":{"line":12,"column":10},"end":{"line":12,"column":11}},"loc":{"start":{"line":12,"column":14},"end":{"line":14,"column":5}},"line":12},"6":{"name":"(anonymous_6)","decl":{"start":{"line":21,"column":43},"end":{"line":21,"column":44}},"loc":{"start":{"line":21,"column":56},"end":{"line":43,"column":17}},"line":21}},"branchMap":{"0":{"loc":{"start":{"line":21,"column":17},"end":{"line":43,"column":18}},"type":"binary-expr","locations":[{"start":{"line":21,"column":17},"end":{"line":21,"column":29}},{"start":{"line":21,"column":33},"end":{"line":43,"column":18}}],"line":21}},"s":{"0":1,"1":0,"2":0,"3":0,"4":0,"5":0,"6":0,"7":0,"8":0,"9":0,"10":0,"11":0,"12":0},"f":{"0":0,"1":0,"2":0,"3":0,"4":0,"5":0,"6":0},"b":{"0":[0,0]},"_coverageSchema":"43e27e138ebf9cfc5966b082cf9a028302ed4184","hash":"36aacb13cb04a8d0352c2c74e65e94e8536b7de7"}
,"C:\\Users\\Thomas Gil\\Documents\\Udemy\\thomas-gil.herokuapp.com-master\\client\\src\\components\\minorComponents\\contact\\ContactForm.js": {"path":"C:\\Users\\Thomas Gil\\Documents\\Udemy\\thomas-gil.herokuapp.com-master\\client\\src\\components\\minorComponents\\contact\\ContactForm.js","statementMap":{"0":{"start":{"line":8,"column":20},"end":{"line":97,"column":1}},"1":{"start":{"line":9,"column":21},"end":{"line":9,"column":34}},"2":{"start":{"line":10,"column":20},"end":{"line":10,"column":32}},"3":{"start":{"line":12,"column":25},"end":{"line":21,"column":5}},"4":{"start":{"line":13,"column":8},"end":{"line":20,"column":9}},"5":{"start":{"line":14,"column":12},"end":{"line":14,"column":61}},"6":{"start":{"line":15,"column":12},"end":{"line":17,"column":13}},"7":{"start":{"line":16,"column":16},"end":{"line":16,"column":55}},"8":{"start":{"line":18,"column":15},"end":{"line":20,"column":9}},"9":{"start":{"line":19,"column":12},"end":{"line":19,"column":64}},"10":{"start":{"line":23,"column":22},"end":{"line":37,"column":5}},"11":{"start":{"line":24,"column":8},"end":{"line":24,"column":27}},"12":{"start":{"line":25,"column":8},"end":{"line":36,"column":14}},"13":{"start":{"line":27,"column":16},"end":{"line":27,"column":40}},"14":{"start":{"line":28,"column":16},"end":{"line":28,"column":41}},"15":{"start":{"line":29,"column":16},"end":{"line":29,"column":63}},"16":{"start":{"line":30,"column":16},"end":{"line":30,"column":33}},"17":{"start":{"line":31,"column":16},"end":{"line":31,"column":77}},"18":{"start":{"line":34,"column":16},"end":{"line":34,"column":40}},"19":{"start":{"line":35,"column":16},"end":{"line":35,"column":71}},"20":{"start":{"line":38,"column":4},"end":{"line":96,"column":6}}},"fnMap":{"0":{"name":"(anonymous_0)","decl":{"start":{"line":8,"column":20},"end":{"line":8,"column":21}},"loc":{"start":{"line":8,"column":26},"end":{"line":97,"column":1}},"line":8},"1":{"name":"(anonymous_1)","decl":{"start":{"line":12,"column":25},"end":{"line":12,"column":26}},"loc":{"start":{"line":12,"column":30},"end":{"line":21,"column":5}},"line":12},"2":{"name":"(anonymous_2)","decl":{"start":{"line":23,"column":22},"end":{"line":23,"column":23}},"loc":{"start":{"line":23,"column":29},"end":{"line":37,"column":5}},"line":23},"3":{"name":"(anonymous_3)","decl":{"start":{"line":26,"column":18},"end":{"line":26,"column":19}},"loc":{"start":{"line":26,"column":30},"end":{"line":33,"column":13}},"line":26},"4":{"name":"(anonymous_4)","decl":{"start":{"line":33,"column":15},"end":{"line":33,"column":16}},"loc":{"start":{"line":33,"column":26},"end":{"line":36,"column":13}},"line":33}},"branchMap":{"0":{"loc":{"start":{"line":13,"column":8},"end":{"line":20,"column":9}},"type":"if","locations":[{"start":{"line":13,"column":8},"end":{"line":20,"column":9}},{"start":{"line":13,"column":8},"end":{"line":20,"column":9}}],"line":13},"1":{"loc":{"start":{"line":15,"column":12},"end":{"line":17,"column":13}},"type":"if","locations":[{"start":{"line":15,"column":12},"end":{"line":17,"column":13}},{"start":{"line":15,"column":12},"end":{"line":17,"column":13}}],"line":15},"2":{"loc":{"start":{"line":18,"column":15},"end":{"line":20,"column":9}},"type":"if","locations":[{"start":{"line":18,"column":15},"end":{"line":20,"column":9}},{"start":{"line":18,"column":15},"end":{"line":20,"column":9}}],"line":18}},"s":{"0":1,"1":0,"2":0,"3":0,"4":0,"5":0,"6":0,"7":0,"8":0,"9":0,"10":0,"11":0,"12":0,"13":0,"14":0,"15":0,"16":0,"17":0,"18":0,"19":0,"20":0},"f":{"0":0,"1":0,"2":0,"3":0,"4":0},"b":{"0":[0,0],"1":[0,0],"2":[0,0]},"_coverageSchema":"43e27e138ebf9cfc5966b082cf9a028302ed4184","hash":"c56ffa370eb930a1cd12f67a5ec5d1c06af909af"}
,"C:\\Users\\Thomas Gil\\Documents\\Udemy\\thomas-gil.herokuapp.com-master\\client\\src\\components\\minorComponents\\contact\\ContactMenu.js": {"path":"C:\\Users\\Thomas Gil\\Documents\\Udemy\\thomas-gil.herokuapp.com-master\\client\\src\\components\\minorComponents\\contact\\ContactMenu.js","statementMap":{"0":{"start":{"line":6,"column":20},"end":{"line":51,"column":1}},"1":{"start":{"line":7,"column":19},"end":{"line":7,"column":32}},"2":{"start":{"line":8,"column":21},"end":{"line":8,"column":57}},"3":{"start":{"line":8,"column":42},"end":{"line":8,"column":56}},"4":{"start":{"line":10,"column":25},"end":{"line":13,"column":5}},"5":{"start":{"line":11,"column":8},"end":{"line":11,"column":40}},"6":{"start":{"line":12,"column":8},"end":{"line":12,"column":52}},"7":{"start":{"line":15,"column":4},"end":{"line":50,"column":5}}},"fnMap":{"0":{"name":"(anonymous_0)","decl":{"start":{"line":6,"column":20},"end":{"line":6,"column":21}},"loc":{"start":{"line":6,"column":26},"end":{"line":51,"column":1}},"line":6},"1":{"name":"(anonymous_1)","decl":{"start":{"line":8,"column":33},"end":{"line":8,"column":34}},"loc":{"start":{"line":8,"column":42},"end":{"line":8,"column":56}},"line":8},"2":{"name":"(anonymous_2)","decl":{"start":{"line":10,"column":25},"end":{"line":10,"column":26}},"loc":{"start":{"line":10,"column":30},"end":{"line":13,"column":5}},"line":10}},"branchMap":{"0":{"loc":{"start":{"line":32,"column":21},"end":{"line":44,"column":21}},"type":"binary-expr","locations":[{"start":{"line":32,"column":21},"end":{"line":32,"column":38}},{"start":{"line":33,"column":24},"end":{"line":43,"column":33}}],"line":32}},"s":{"0":1,"1":0,"2":0,"3":0,"4":0,"5":0,"6":0,"7":0},"f":{"0":0,"1":0,"2":0},"b":{"0":[0,0]},"_coverageSchema":"43e27e138ebf9cfc5966b082cf9a028302ed4184","hash":"b7373daebf504b01b99257b8a1b610835338d4d0"}
,"C:\\Users\\Thomas Gil\\Documents\\Udemy\\thomas-gil.herokuapp.com-master\\client\\src\\components\\minorComponents\\contact\\ContactMenuEn.js": {"path":"C:\\Users\\Thomas Gil\\Documents\\Udemy\\thomas-gil.herokuapp.com-master\\client\\src\\components\\minorComponents\\contact\\ContactMenuEn.js","statementMap":{"0":{"start":{"line":6,"column":22},"end":{"line":51,"column":1}},"1":{"start":{"line":7,"column":19},"end":{"line":7,"column":32}},"2":{"start":{"line":8,"column":21},"end":{"line":8,"column":57}},"3":{"start":{"line":8,"column":42},"end":{"line":8,"column":56}},"4":{"start":{"line":10,"column":25},"end":{"line":13,"column":5}},"5":{"start":{"line":11,"column":8},"end":{"line":11,"column":40}},"6":{"start":{"line":12,"column":8},"end":{"line":12,"column":52}},"7":{"start":{"line":15,"column":4},"end":{"line":50,"column":5}}},"fnMap":{"0":{"name":"(anonymous_0)","decl":{"start":{"line":6,"column":22},"end":{"line":6,"column":23}},"loc":{"start":{"line":6,"column":28},"end":{"line":51,"column":1}},"line":6},"1":{"name":"(anonymous_1)","decl":{"start":{"line":8,"column":33},"end":{"line":8,"column":34}},"loc":{"start":{"line":8,"column":42},"end":{"line":8,"column":56}},"line":8},"2":{"name":"(anonymous_2)","decl":{"start":{"line":10,"column":25},"end":{"line":10,"column":26}},"loc":{"start":{"line":10,"column":30},"end":{"line":13,"column":5}},"line":10}},"branchMap":{"0":{"loc":{"start":{"line":32,"column":21},"end":{"line":44,"column":21}},"type":"binary-expr","locations":[{"start":{"line":32,"column":21},"end":{"line":32,"column":38}},{"start":{"line":33,"column":24},"end":{"line":43,"column":33}}],"line":32}},"s":{"0":1,"1":0,"2":0,"3":0,"4":0,"5":0,"6":0,"7":0},"f":{"0":0,"1":0,"2":0},"b":{"0":[0,0]},"_coverageSchema":"43e27e138ebf9cfc5966b082cf9a028302ed4184","hash":"5c8880e36fa455d105bb1bd1da0b9c2ccd5ed91f"}
,"C:\\Users\\Thomas Gil\\Documents\\Udemy\\thomas-gil.herokuapp.com-master\\client\\src\\components\\minorComponents\\cv\\CVSkills.js": {"path":"C:\\Users\\Thomas Gil\\Documents\\Udemy\\thomas-gil.herokuapp.com-master\\client\\src\\components\\minorComponents\\cv\\CVSkills.js","statementMap":{"0":{"start":{"line":3,"column":21},"end":{"line":41,"column":5}},"1":{"start":{"line":4,"column":26},"end":{"line":21,"column":9}},"2":{"start":{"line":5,"column":12},"end":{"line":20,"column":13}},"3":{"start":{"line":22,"column":8},"end":{"line":40,"column":10}}},"fnMap":{"0":{"name":"(anonymous_0)","decl":{"start":{"line":3,"column":21},"end":{"line":3,"column":22}},"loc":{"start":{"line":3,"column":27},"end":{"line":41,"column":5}},"line":3},"1":{"name":"(anonymous_1)","decl":{"start":{"line":4,"column":26},"end":{"line":4,"column":27}},"loc":{"start":{"line":4,"column":57},"end":{"line":21,"column":9}},"line":4}},"branchMap":{"0":{"loc":{"start":{"line":17,"column":56},"end":{"line":17,"column":94}},"type":"cond-expr","locations":[{"start":{"line":17,"column":64},"end":{"line":17,"column":88}},{"start":{"line":17,"column":92},"end":{"line":17,"column":94}}],"line":17}},"s":{"0":0,"1":0,"2":0,"3":0},"f":{"0":0,"1":0},"b":{"0":[0,0]},"hash":"15ba1bbeb4cf3962b3065493006e158b67ac0e2c"}
,"C:\\Users\\Thomas Gil\\Documents\\Udemy\\thomas-gil.herokuapp.com-master\\client\\src\\components\\minorComponents\\cv\\HardCv.js": {"path":"C:\\Users\\Thomas Gil\\Documents\\Udemy\\thomas-gil.herokuapp.com-master\\client\\src\\components\\minorComponents\\cv\\HardCv.js","statementMap":{"0":{"start":{"line":3,"column":15},"end":{"line":213,"column":1}},"1":{"start":{"line":4,"column":4},"end":{"line":212,"column":5}}},"fnMap":{"0":{"name":"(anonymous_0)","decl":{"start":{"line":3,"column":15},"end":{"line":3,"column":16}},"loc":{"start":{"line":3,"column":21},"end":{"line":213,"column":1}},"line":3}},"branchMap":{},"s":{"0":1,"1":0},"f":{"0":0},"b":{},"_coverageSchema":"43e27e138ebf9cfc5966b082cf9a028302ed4184","hash":"5514cd8257e43662b0bae24316b7efc83a512737"}
,"C:\\Users\\Thomas Gil\\Documents\\Udemy\\thomas-gil.herokuapp.com-master\\client\\src\\components\\minorComponents\\cv\\HardCvEn.js": {"path":"C:\\Users\\Thomas Gil\\Documents\\Udemy\\thomas-gil.herokuapp.com-master\\client\\src\\components\\minorComponents\\cv\\HardCvEn.js","statementMap":{"0":{"start":{"line":3,"column":17},"end":{"line":211,"column":1}},"1":{"start":{"line":4,"column":4},"end":{"line":210,"column":5}}},"fnMap":{"0":{"name":"(anonymous_0)","decl":{"start":{"line":3,"column":17},"end":{"line":3,"column":18}},"loc":{"start":{"line":3,"column":23},"end":{"line":211,"column":1}},"line":3}},"branchMap":{},"s":{"0":1,"1":0},"f":{"0":0},"b":{},"_coverageSchema":"43e27e138ebf9cfc5966b082cf9a028302ed4184","hash":"9014afe9d199067b62d7f5afe216a0dc13ccacea"}
,"C:\\Users\\Thomas Gil\\Documents\\Udemy\\thomas-gil.herokuapp.com-master\\client\\src\\components\\minorComponents\\cv\\SkillsLevel.js": {"path":"C:\\Users\\Thomas Gil\\Documents\\Udemy\\thomas-gil.herokuapp.com-master\\client\\src\\components\\minorComponents\\cv\\SkillsLevel.js","statementMap":{"0":{"start":{"line":6,"column":20},"end":{"line":39,"column":1}},"1":{"start":{"line":8,"column":4},"end":{"line":38,"column":5}}},"fnMap":{"0":{"name":"(anonymous_0)","decl":{"start":{"line":6,"column":20},"end":{"line":6,"column":21}},"loc":{"start":{"line":6,"column":26},"end":{"line":39,"column":1}},"line":6}},"branchMap":{},"s":{"0":1,"1":0},"f":{"0":0},"b":{},"_coverageSchema":"43e27e138ebf9cfc5966b082cf9a028302ed4184","hash":"69f6387c1a87cc774a8459531c14259d2c1f8c19"}
,"C:\\Users\\Thomas Gil\\Documents\\Udemy\\thomas-gil.herokuapp.com-master\\client\\src\\components\\minorComponents\\cv\\SkillsLevelEn.js": {"path":"C:\\Users\\Thomas Gil\\Documents\\Udemy\\thomas-gil.herokuapp.com-master\\client\\src\\components\\minorComponents\\cv\\SkillsLevelEn.js","statementMap":{"0":{"start":{"line":6,"column":20},"end":{"line":39,"column":1}},"1":{"start":{"line":8,"column":4},"end":{"line":38,"column":5}}},"fnMap":{"0":{"name":"(anonymous_0)","decl":{"start":{"line":6,"column":20},"end":{"line":6,"column":21}},"loc":{"start":{"line":6,"column":26},"end":{"line":39,"column":1}},"line":6}},"branchMap":{},"s":{"0":1,"1":0},"f":{"0":0},"b":{},"_coverageSchema":"43e27e138ebf9cfc5966b082cf9a028302ed4184","hash":"1374e86505887039f8aaaae09cec3c655e53d08f"}
,"C:\\Users\\Thomas Gil\\Documents\\Udemy\\thomas-gil.herokuapp.com-master\\client\\src\\components\\minorComponents\\layout\\alert.js": {"path":"C:\\Users\\Thomas Gil\\Documents\\Udemy\\thomas-gil.herokuapp.com-master\\client\\src\\components\\minorComponents\\layout\\alert.js","statementMap":{"0":{"start":{"line":6,"column":14},"end":{"line":21,"column":1}},"1":{"start":{"line":7,"column":19},"end":{"line":7,"column":71}},"2":{"start":{"line":7,"column":50},"end":{"line":7,"column":68}},"3":{"start":{"line":9,"column":4},"end":{"line":20,"column":5}},"4":{"start":{"line":11,"column":12},"end":{"line":15,"column":13}}},"fnMap":{"0":{"name":"(anonymous_0)","decl":{"start":{"line":6,"column":14},"end":{"line":6,"column":15}},"loc":{"start":{"line":6,"column":20},"end":{"line":21,"column":1}},"line":6},"1":{"name":"(anonymous_1)","decl":{"start":{"line":7,"column":31},"end":{"line":7,"column":32}},"loc":{"start":{"line":7,"column":48},"end":{"line":7,"column":70}},"line":7},"2":{"name":"(anonymous_2)","decl":{"start":{"line":10,"column":36},"end":{"line":10,"column":37}},"loc":{"start":{"line":10,"column":49},"end":{"line":16,"column":9}},"line":10}},"branchMap":{"0":{"loc":{"start":{"line":10,"column":8},"end":{"line":18,"column":13}},"type":"cond-expr","locations":[{"start":{"line":10,"column":25},"end":{"line":16,"column":10}},{"start":{"line":17,"column":16},"end":{"line":17,"column":18}}],"line":10}},"s":{"0":1,"1":0,"2":0,"3":0,"4":0},"f":{"0":0,"1":0,"2":0},"b":{"0":[0,0]},"_coverageSchema":"43e27e138ebf9cfc5966b082cf9a028302ed4184","hash":"364a206a08572578207361513d4120ad2195e59b"}
,"C:\\Users\\Thomas Gil\\Documents\\Udemy\\thomas-gil.herokuapp.com-master\\client\\src\\components\\minorComponents\\signin\\SigninForm.js": {"path":"C:\\Users\\Thomas Gil\\Documents\\Udemy\\thomas-gil.herokuapp.com-master\\client\\src\\components\\minorComponents\\signin\\SigninForm.js","statementMap":{"0":{"start":{"line":8,"column":19},"end":{"line":67,"column":1}},"1":{"start":{"line":9,"column":32},"end":{"line":15,"column":6}},"2":{"start":{"line":16,"column":32},"end":{"line":16,"column":38}},"3":{"start":{"line":17,"column":17},"end":{"line":17,"column":49}},"4":{"start":{"line":17,"column":38},"end":{"line":17,"column":48}},"5":{"start":{"line":18,"column":20},"end":{"line":18,"column":32}},"6":{"start":{"line":19,"column":21},"end":{"line":19,"column":34}},"7":{"start":{"line":20,"column":25},"end":{"line":22,"column":5}},"8":{"start":{"line":20,"column":33},"end":{"line":22,"column":5}},"9":{"start":{"line":21,"column":8},"end":{"line":21,"column":75}},"10":{"start":{"line":24,"column":24},"end":{"line":41,"column":5}},"11":{"start":{"line":25,"column":8},"end":{"line":25,"column":31}},"12":{"start":{"line":26,"column":8},"end":{"line":26,"column":62}},"13":{"start":{"line":27,"column":8},"end":{"line":40,"column":13}},"14":{"start":{"line":29,"column":16},"end":{"line":37,"column":17}},"15":{"start":{"line":30,"column":20},"end":{"line":30,"column":75}},"16":{"start":{"line":32,"column":20},"end":{"line":36,"column":22}},"17":{"start":{"line":33,"column":24},"end":{"line":33,"column":44}},"18":{"start":{"line":34,"column":24},"end":{"line":34,"column":56}},"19":{"start":{"line":35,"column":24},"end":{"line":35,"column":72}},"20":{"start":{"line":43,"column":4},"end":{"line":66,"column":5}},"21":{"start":{"line":44,"column":8},"end":{"line":61,"column":9}},"22":{"start":{"line":63,"column":8},"end":{"line":65,"column":9}}},"fnMap":{"0":{"name":"(anonymous_0)","decl":{"start":{"line":8,"column":19},"end":{"line":8,"column":20}},"loc":{"start":{"line":8,"column":30},"end":{"line":67,"column":1}},"line":8},"1":{"name":"(anonymous_1)","decl":{"start":{"line":17,"column":29},"end":{"line":17,"column":30}},"loc":{"start":{"line":17,"column":38},"end":{"line":17,"column":48}},"line":17},"2":{"name":"(anonymous_2)","decl":{"start":{"line":20,"column":25},"end":{"line":20,"column":26}},"loc":{"start":{"line":20,"column":33},"end":{"line":22,"column":5}},"line":20},"3":{"name":"(anonymous_3)","decl":{"start":{"line":20,"column":33},"end":{"line":20,"column":34}},"loc":{"start":{"line":20,"column":42},"end":{"line":22,"column":5}},"line":20},"4":{"name":"(anonymous_4)","decl":{"start":{"line":24,"column":24},"end":{"line":24,"column":25}},"loc":{"start":{"line":24,"column":33},"end":{"line":41,"column":5}},"line":24},"5":{"name":"(anonymous_5)","decl":{"start":{"line":28,"column":18},"end":{"line":28,"column":19}},"loc":{"start":{"line":28,"column":26},"end":{"line":38,"column":13}},"line":28},"6":{"name":"(anonymous_6)","decl":{"start":{"line":32,"column":39},"end":{"line":32,"column":40}},"loc":{"start":{"line":32,"column":45},"end":{"line":36,"column":21}},"line":32}},"branchMap":{"0":{"loc":{"start":{"line":29,"column":16},"end":{"line":37,"column":17}},"type":"if","locations":[{"start":{"line":29,"column":16},"end":{"line":37,"column":17}},{"start":{"line":29,"column":16},"end":{"line":37,"column":17}}],"line":29},"1":{"loc":{"start":{"line":43,"column":4},"end":{"line":66,"column":5}},"type":"if","locations":[{"start":{"line":43,"column":4},"end":{"line":66,"column":5}},{"start":{"line":43,"column":4},"end":{"line":66,"column":5}}],"line":43}},"s":{"0":1,"1":0,"2":0,"3":0,"4":0,"5":0,"6":0,"7":0,"8":0,"9":0,"10":0,"11":0,"12":0,"13":0,"14":0,"15":0,"16":0,"17":0,"18":0,"19":0,"20":0,"21":0,"22":0},"f":{"0":0,"1":0,"2":0,"3":0,"4":0,"5":0,"6":0},"b":{"0":[0,0],"1":[0,0]},"_coverageSchema":"43e27e138ebf9cfc5966b082cf9a028302ed4184","hash":"842e3e40e7e597fcc4c8ce241b1ce6164b2afde4"}
,"C:\\Users\\Thomas Gil\\Documents\\Udemy\\thomas-gil.herokuapp.com-master\\client\\src\\componentsEn\\MenuEn.js": {"path":"C:\\Users\\Thomas Gil\\Documents\\Udemy\\thomas-gil.herokuapp.com-master\\client\\src\\componentsEn\\MenuEn.js","statementMap":{"0":{"start":{"line":7,"column":15},"end":{"line":51,"column":1}},"1":{"start":{"line":8,"column":21},"end":{"line":8,"column":34}},"2":{"start":{"line":9,"column":21},"end":{"line":9,"column":57}},"3":{"start":{"line":9,"column":42},"end":{"line":9,"column":56}},"4":{"start":{"line":11,"column":25},"end":{"line":14,"column":5}},"5":{"start":{"line":12,"column":8},"end":{"line":12,"column":40}},"6":{"start":{"line":13,"column":8},"end":{"line":13,"column":53}},"7":{"start":{"line":16,"column":4},"end":{"line":50,"column":6}}},"fnMap":{"0":{"name":"(anonymous_0)","decl":{"start":{"line":7,"column":15},"end":{"line":7,"column":16}},"loc":{"start":{"line":7,"column":21},"end":{"line":51,"column":1}},"line":7},"1":{"name":"(anonymous_1)","decl":{"start":{"line":9,"column":33},"end":{"line":9,"column":34}},"loc":{"start":{"line":9,"column":42},"end":{"line":9,"column":56}},"line":9},"2":{"name":"(anonymous_2)","decl":{"start":{"line":11,"column":25},"end":{"line":11,"column":26}},"loc":{"start":{"line":11,"column":30},"end":{"line":14,"column":5}},"line":11}},"branchMap":{"0":{"loc":{"start":{"line":34,"column":21},"end":{"line":46,"column":21}},"type":"binary-expr","locations":[{"start":{"line":34,"column":21},"end":{"line":34,"column":38}},{"start":{"line":35,"column":24},"end":{"line":45,"column":33}}],"line":34}},"s":{"0":1,"1":0,"2":0,"3":0,"4":0,"5":0,"6":0,"7":0},"f":{"0":0,"1":0,"2":0},"b":{"0":[0,0]},"_coverageSchema":"43e27e138ebf9cfc5966b082cf9a028302ed4184","hash":"99e61b2e8e1ac49d2853ba22726c6dd71d5b7e7b"}
,"C:\\Users\\Thomas Gil\\Documents\\Udemy\\thomas-gil.herokuapp.com-master\\client\\src\\componentsEn\\minorComponents\\HomeHeaderEn.js": {"path":"C:\\Users\\Thomas Gil\\Documents\\Udemy\\thomas-gil.herokuapp.com-master\\client\\src\\componentsEn\\minorComponents\\HomeHeaderEn.js","statementMap":{"0":{"start":{"line":4,"column":21},"end":{"line":18,"column":1}},"1":{"start":{"line":6,"column":4},"end":{"line":17,"column":5}}},"fnMap":{"0":{"name":"(anonymous_0)","decl":{"start":{"line":4,"column":21},"end":{"line":4,"column":22}},"loc":{"start":{"line":4,"column":27},"end":{"line":18,"column":1}},"line":4}},"branchMap":{},"s":{"0":1,"1":0},"f":{"0":0},"b":{},"_coverageSchema":"43e27e138ebf9cfc5966b082cf9a028302ed4184","hash":"7dcf230040d170018836edb8a400e479d76c437f"}
,"C:\\Users\\Thomas Gil\\Documents\\Udemy\\thomas-gil.herokuapp.com-master\\client\\src\\componentsEn\\minorComponents\\LaptopAndSkillsEn.js": {"path":"C:\\Users\\Thomas Gil\\Documents\\Udemy\\thomas-gil.herokuapp.com-master\\client\\src\\componentsEn\\minorComponents\\LaptopAndSkillsEn.js","statementMap":{"0":{"start":{"line":3,"column":26},"end":{"line":24,"column":1}},"1":{"start":{"line":4,"column":4},"end":{"line":23,"column":5}}},"fnMap":{"0":{"name":"(anonymous_0)","decl":{"start":{"line":3,"column":26},"end":{"line":3,"column":27}},"loc":{"start":{"line":3,"column":32},"end":{"line":24,"column":1}},"line":3}},"branchMap":{},"s":{"0":1,"1":0},"f":{"0":0},"b":{},"_coverageSchema":"43e27e138ebf9cfc5966b082cf9a028302ed4184","hash":"058e04db6a92ad35ef0ffbff42198ab071cb074c"}
,"C:\\Users\\Thomas Gil\\Documents\\Udemy\\thomas-gil.herokuapp.com-master\\client\\src\\componentsEn\\minorComponents\\SkillsEn.js": {"path":"C:\\Users\\Thomas Gil\\Documents\\Udemy\\thomas-gil.herokuapp.com-master\\client\\src\\componentsEn\\minorComponents\\SkillsEn.js","statementMap":{"0":{"start":{"line":4,"column":17},"end":{"line":67,"column":1}},"1":{"start":{"line":5,"column":4},"end":{"line":66,"column":5}}},"fnMap":{"0":{"name":"(anonymous_0)","decl":{"start":{"line":4,"column":17},"end":{"line":4,"column":18}},"loc":{"start":{"line":4,"column":23},"end":{"line":67,"column":1}},"line":4}},"branchMap":{},"s":{"0":1,"1":0},"f":{"0":0},"b":{},"_coverageSchema":"43e27e138ebf9cfc5966b082cf9a028302ed4184","hash":"831d17efa10000883212725447ac6e78f1a08253"}
,"C:\\Users\\Thomas Gil\\Documents\\Udemy\\thomas-gil.herokuapp.com-master\\client\\src\\reducers\\acceptReducer.js": {"path":"C:\\Users\\Thomas Gil\\Documents\\Udemy\\thomas-gil.herokuapp.com-master\\client\\src\\reducers\\acceptReducer.js","statementMap":{"0":{"start":{"line":3,"column":21},"end":{"line":3,"column":37}},"1":{"start":{"line":5,"column":4},"end":{"line":10,"column":5}},"2":{"start":{"line":7,"column":12},"end":{"line":7,"column":33}},"3":{"start":{"line":9,"column":12},"end":{"line":9,"column":25}}},"fnMap":{"0":{"name":"acceptReducer","decl":{"start":{"line":4,"column":24},"end":{"line":4,"column":37}},"loc":{"start":{"line":4,"column":68},"end":{"line":11,"column":1}},"line":4}},"branchMap":{"0":{"loc":{"start":{"line":4,"column":38},"end":{"line":4,"column":58}},"type":"default-arg","locations":[{"start":{"line":4,"column":46},"end":{"line":4,"column":58}}],"line":4},"1":{"loc":{"start":{"line":5,"column":4},"end":{"line":10,"column":5}},"type":"switch","locations":[{"start":{"line":6,"column":8},"end":{"line":7,"column":33}},{"start":{"line":8,"column":8},"end":{"line":9,"column":25}}],"line":5}},"s":{"0":0,"1":0,"2":0,"3":0},"f":{"0":0},"b":{"0":[0],"1":[0,0]},"hash":"bffc34750e5a0b80923e2c1a5cce7e428d2da4af"}
,"C:\\Users\\Thomas Gil\\Documents\\Udemy\\thomas-gil.herokuapp.com-master\\client\\src\\reducers\\alertReducer.js": {"path":"C:\\Users\\Thomas Gil\\Documents\\Udemy\\thomas-gil.herokuapp.com-master\\client\\src\\reducers\\alertReducer.js","statementMap":{"0":{"start":{"line":2,"column":21},"end":{"line":2,"column":23}},"1":{"start":{"line":4,"column":4},"end":{"line":11,"column":5}},"2":{"start":{"line":6,"column":12},"end":{"line":6,"column":46}},"3":{"start":{"line":8,"column":12},"end":{"line":8,"column":70}},"4":{"start":{"line":8,"column":41},"end":{"line":8,"column":68}},"5":{"start":{"line":10,"column":12},"end":{"line":10,"column":25}}},"fnMap":{"0":{"name":"alertReducer","decl":{"start":{"line":3,"column":24},"end":{"line":3,"column":36}},"loc":{"start":{"line":3,"column":67},"end":{"line":12,"column":1}},"line":3},"1":{"name":"(anonymous_1)","decl":{"start":{"line":8,"column":32},"end":{"line":8,"column":33}},"loc":{"start":{"line":8,"column":41},"end":{"line":8,"column":68}},"line":8}},"branchMap":{"0":{"loc":{"start":{"line":3,"column":37},"end":{"line":3,"column":57}},"type":"default-arg","locations":[{"start":{"line":3,"column":45},"end":{"line":3,"column":57}}],"line":3},"1":{"loc":{"start":{"line":4,"column":4},"end":{"line":11,"column":5}},"type":"switch","locations":[{"start":{"line":5,"column":8},"end":{"line":6,"column":46}},{"start":{"line":7,"column":8},"end":{"line":8,"column":70}},{"start":{"line":9,"column":8},"end":{"line":10,"column":25}}],"line":4}},"s":{"0":0,"1":0,"2":0,"3":0,"4":0,"5":0},"f":{"0":0,"1":0},"b":{"0":[0],"1":[0,0,0]},"hash":"186e2e8e6c67f022ba151e241899635d21469999"}
,"C:\\Users\\Thomas Gil\\Documents\\Udemy\\thomas-gil.herokuapp.com-master\\client\\src\\reducers\\index.js": {"path":"C:\\Users\\Thomas Gil\\Documents\\Udemy\\thomas-gil.herokuapp.com-master\\client\\src\\reducers\\index.js","statementMap":{},"fnMap":{},"branchMap":{},"s":{},"f":{},"b":{},"hash":"048c3e6483472054a3aa473da3086d008a47c929"}
,"C:\\Users\\Thomas Gil\\Documents\\Udemy\\thomas-gil.herokuapp.com-master\\client\\src\\reducers\\languageReducer.js": {"path":"C:\\Users\\Thomas Gil\\Documents\\Udemy\\thomas-gil.herokuapp.com-master\\client\\src\\reducers\\languageReducer.js","statementMap":{"0":{"start":{"line":3,"column":21},"end":{"line":3,"column":25}},"1":{"start":{"line":5,"column":4},"end":{"line":10,"column":5}},"2":{"start":{"line":7,"column":12},"end":{"line":7,"column":35}},"3":{"start":{"line":9,"column":12},"end":{"line":9,"column":25}}},"fnMap":{"0":{"name":"languageReducer","decl":{"start":{"line":4,"column":24},"end":{"line":4,"column":39}},"loc":{"start":{"line":4,"column":70},"end":{"line":11,"column":1}},"line":4}},"branchMap":{"0":{"loc":{"start":{"line":4,"column":40},"end":{"line":4,"column":60}},"type":"default-arg","locations":[{"start":{"line":4,"column":48},"end":{"line":4,"column":60}}],"line":4},"1":{"loc":{"start":{"line":5,"column":4},"end":{"line":10,"column":5}},"type":"switch","locations":[{"start":{"line":6,"column":8},"end":{"line":7,"column":35}},{"start":{"line":8,"column":8},"end":{"line":9,"column":25}}],"line":5}},"s":{"0":0,"1":0,"2":0,"3":0},"f":{"0":0},"b":{"0":[0],"1":[0,0]},"hash":"2a58a09b22fa80551f76f4c33d86375fb0594fdf"}
,"C:\\Users\\Thomas Gil\\Documents\\Udemy\\thomas-gil.herokuapp.com-master\\client\\src\\reducers\\newSiteReducer.js": {"path":"C:\\Users\\Thomas Gil\\Documents\\Udemy\\thomas-gil.herokuapp.com-master\\client\\src\\reducers\\newSiteReducer.js","statementMap":{"0":{"start":{"line":3,"column":21},"end":{"line":3,"column":36}},"1":{"start":{"line":5,"column":4},"end":{"line":10,"column":5}},"2":{"start":{"line":7,"column":12},"end":{"line":7,"column":34}},"3":{"start":{"line":9,"column":12},"end":{"line":9,"column":25}}},"fnMap":{"0":{"name":"newSiteReducer","decl":{"start":{"line":4,"column":24},"end":{"line":4,"column":38}},"loc":{"start":{"line":4,"column":69},"end":{"line":11,"column":1}},"line":4}},"branchMap":{"0":{"loc":{"start":{"line":4,"column":39},"end":{"line":4,"column":59}},"type":"default-arg","locations":[{"start":{"line":4,"column":47},"end":{"line":4,"column":59}}],"line":4},"1":{"loc":{"start":{"line":5,"column":4},"end":{"line":10,"column":5}},"type":"switch","locations":[{"start":{"line":6,"column":8},"end":{"line":7,"column":34}},{"start":{"line":8,"column":8},"end":{"line":9,"column":25}}],"line":5}},"s":{"0":0,"1":0,"2":0,"3":0},"f":{"0":0},"b":{"0":[0],"1":[0,0]},"hash":"cbce4153be8eaea2ce8e37cca2eb15fb5964c1a0"}
,"C:\\Users\\Thomas Gil\\Documents\\Udemy\\thomas-gil.herokuapp.com-master\\client\\src\\reducers\\siteReducer.js": {"path":"C:\\Users\\Thomas Gil\\Documents\\Udemy\\thomas-gil.herokuapp.com-master\\client\\src\\reducers\\siteReducer.js","statementMap":{"0":{"start":{"line":3,"column":21},"end":{"line":3,"column":41}},"1":{"start":{"line":5,"column":4},"end":{"line":12,"column":5}},"2":{"start":{"line":7,"column":12},"end":{"line":7,"column":39}},"3":{"start":{"line":9,"column":12},"end":{"line":9,"column":39}},"4":{"start":{"line":11,"column":12},"end":{"line":11,"column":25}}},"fnMap":{"0":{"name":"siteReducer","decl":{"start":{"line":4,"column":24},"end":{"line":4,"column":35}},"loc":{"start":{"line":4,"column":66},"end":{"line":13,"column":1}},"line":4}},"branchMap":{"0":{"loc":{"start":{"line":4,"column":36},"end":{"line":4,"column":56}},"type":"default-arg","locations":[{"start":{"line":4,"column":44},"end":{"line":4,"column":56}}],"line":4},"1":{"loc":{"start":{"line":5,"column":4},"end":{"line":12,"column":5}},"type":"switch","locations":[{"start":{"line":6,"column":8},"end":{"line":7,"column":39}},{"start":{"line":8,"column":8},"end":{"line":9,"column":39}},{"start":{"line":10,"column":8},"end":{"line":11,"column":25}}],"line":5}},"s":{"0":0,"1":0,"2":0,"3":0,"4":0},"f":{"0":0},"b":{"0":[0],"1":[0,0,0]},"hash":"84014181711a23faa259fc585839aac9d906033e"}
,"C:\\Users\\Thomas Gil\\Documents\\Udemy\\thomas-gil.herokuapp.com-master\\client\\src\\reducers\\sitesReducer.js": {"path":"C:\\Users\\Thomas Gil\\Documents\\Udemy\\thomas-gil.herokuapp.com-master\\client\\src\\reducers\\sitesReducer.js","statementMap":{"0":{"start":{"line":3,"column":21},"end":{"line":3,"column":34}},"1":{"start":{"line":5,"column":4},"end":{"line":10,"column":5}},"2":{"start":{"line":7,"column":12},"end":{"line":7,"column":32}},"3":{"start":{"line":9,"column":12},"end":{"line":9,"column":25}}},"fnMap":{"0":{"name":"sitesReducer","decl":{"start":{"line":4,"column":24},"end":{"line":4,"column":36}},"loc":{"start":{"line":4,"column":67},"end":{"line":11,"column":1}},"line":4}},"branchMap":{"0":{"loc":{"start":{"line":4,"column":37},"end":{"line":4,"column":57}},"type":"default-arg","locations":[{"start":{"line":4,"column":45},"end":{"line":4,"column":57}}],"line":4},"1":{"loc":{"start":{"line":5,"column":4},"end":{"line":10,"column":5}},"type":"switch","locations":[{"start":{"line":6,"column":8},"end":{"line":7,"column":32}},{"start":{"line":8,"column":8},"end":{"line":9,"column":25}}],"line":5}},"s":{"0":0,"1":0,"2":0,"3":0},"f":{"0":0},"b":{"0":[0],"1":[0,0]},"hash":"5d5d93123f7d1e2f6b35c1491c808e541cfb782d"}
,"C:\\Users\\Thomas Gil\\Documents\\Udemy\\thomas-gil.herokuapp.com-master\\client\\src\\reducers\\userReducer.js": {"path":"C:\\Users\\Thomas Gil\\Documents\\Udemy\\thomas-gil.herokuapp.com-master\\client\\src\\reducers\\userReducer.js","statementMap":{"0":{"start":{"line":3,"column":21},"end":{"line":3,"column":31}},"1":{"start":{"line":5,"column":4},"end":{"line":10,"column":5}},"2":{"start":{"line":7,"column":12},"end":{"line":7,"column":31}},"3":{"start":{"line":9,"column":12},"end":{"line":9,"column":25}}},"fnMap":{"0":{"name":"userReducer","decl":{"start":{"line":4,"column":24},"end":{"line":4,"column":35}},"loc":{"start":{"line":4,"column":66},"end":{"line":11,"column":1}},"line":4}},"branchMap":{"0":{"loc":{"start":{"line":4,"column":36},"end":{"line":4,"column":56}},"type":"default-arg","locations":[{"start":{"line":4,"column":44},"end":{"line":4,"column":56}}],"line":4},"1":{"loc":{"start":{"line":5,"column":4},"end":{"line":10,"column":5}},"type":"switch","locations":[{"start":{"line":6,"column":8},"end":{"line":7,"column":31}},{"start":{"line":8,"column":8},"end":{"line":9,"column":25}}],"line":5}},"s":{"0":0,"1":0,"2":0,"3":0},"f":{"0":0},"b":{"0":[0],"1":[0,0]},"hash":"4b018f6962f503660214a1db914e72386c53d1d0"}
}
