TN:
SF:C:\Users\Thomas Gil\Documents\Udemy\thomas-gil.herokuapp.com-master\client\src\AdminRoute.js
FN:7,(anonymous_0)
FN:8,(anonymous_1)
FNF:2
FNH:0
FNDA:0,(anonymous_0)
FNDA:0,(anonymous_1)
DA:7,1
DA:8,0
DA:9,0
DA:10,0
DA:17,0
LF:5
LH:1
BRDA:9,0,0,0
BRDA:9,0,1,0
BRF:2
BRH:0
end_of_record
TN:
SF:C:\Users\Thomas Gil\Documents\Udemy\thomas-gil.herokuapp.com-master\client\src\App.js
FN:12,App
FNF:1
FNH:1
FNDA:1,App
DA:13,1
LF:1
LH:1
BRF:0
BRH:0
end_of_record
TN:
SF:C:\Users\Thomas Gil\Documents\Udemy\thomas-gil.herokuapp.com-master\client\src\config.js
FNF:0
FNH:0
DA:1,1
LF:1
LH:1
BRF:0
BRH:0
end_of_record
TN:
SF:C:\Users\Thomas Gil\Documents\Udemy\thomas-gil.herokuapp.com-master\client\src\index.js
FNF:0
FNH:0
DA:12,0
DA:14,0
DA:15,0
DA:16,0
DA:17,0
DA:18,0
DA:22,0
LF:7
LH:0
BRDA:17,0,0,0
BRDA:17,0,1,0
BRF:2
BRH:0
end_of_record
TN:
SF:C:\Users\Thomas Gil\Documents\Udemy\thomas-gil.herokuapp.com-master\client\src\actions\index.js
FN:17,setLang
FN:18,(anonymous_1)
FN:24,getSites
FN:25,(anonymous_3)
FN:27,(anonymous_4)
FN:30,(anonymous_5)
FN:33,setAlert
FN:34,(anonymous_7)
FN:40,(anonymous_8)
FN:43,getSite
FN:44,(anonymous_10)
FN:46,(anonymous_11)
FN:49,(anonymous_12)
FN:53,setAccept
FN:54,(anonymous_14)
FN:59,(anonymous_15)
FN:69,(anonymous_16)
FN:76,(anonymous_17)
FN:81,(anonymous_18)
FN:91,setUser
FN:92,(anonymous_20)
FN:99,(anonymous_21)
FN:108,(anonymous_22)
FN:111,(anonymous_23)
FN:115,(anonymous_24)
FN:124,(anonymous_25)
FN:127,(anonymous_26)
FN:131,(anonymous_27)
FN:140,(anonymous_28)
FN:143,(anonymous_29)
FN:146,setNewSite
FN:147,(anonymous_31)
FN:151,clearToUpdateSite
FN:152,(anonymous_33)
FNF:34
FNH:0
FNDA:0,setLang
FNDA:0,(anonymous_1)
FNDA:0,getSites
FNDA:0,(anonymous_3)
FNDA:0,(anonymous_4)
FNDA:0,(anonymous_5)
FNDA:0,setAlert
FNDA:0,(anonymous_7)
FNDA:0,(anonymous_8)
FNDA:0,getSite
FNDA:0,(anonymous_10)
FNDA:0,(anonymous_11)
FNDA:0,(anonymous_12)
FNDA:0,setAccept
FNDA:0,(anonymous_14)
FNDA:0,(anonymous_15)
FNDA:0,(anonymous_16)
FNDA:0,(anonymous_17)
FNDA:0,(anonymous_18)
FNDA:0,setUser
FNDA:0,(anonymous_20)
FNDA:0,(anonymous_21)
FNDA:0,(anonymous_22)
FNDA:0,(anonymous_23)
FNDA:0,(anonymous_24)
FNDA:0,(anonymous_25)
FNDA:0,(anonymous_26)
FNDA:0,(anonymous_27)
FNDA:0,(anonymous_28)
FNDA:0,(anonymous_29)
FNDA:0,setNewSite
FNDA:0,(anonymous_31)
FNDA:0,clearToUpdateSite
FNDA:0,(anonymous_33)
DA:6,1
DA:7,1
DA:8,1
DA:9,1
DA:10,1
DA:11,1
DA:12,1
DA:13,1
DA:14,1
DA:15,1
DA:18,0
DA:20,0
DA:25,0
DA:26,0
DA:28,0
DA:30,0
DA:34,0
DA:36,0
DA:40,0
DA:44,0
DA:45,0
DA:47,0
DA:49,0
DA:54,0
DA:56,0
DA:59,1
DA:61,0
DA:70,0
DA:71,0
DA:73,0
DA:74,0
DA:77,0
DA:81,1
DA:82,0
DA:83,0
DA:84,0
DA:86,0
DA:87,0
DA:92,0
DA:93,0
DA:94,0
DA:99,1
DA:100,0
DA:109,0
DA:112,0
DA:115,1
DA:116,0
DA:125,0
DA:128,0
DA:131,1
DA:132,0
DA:141,0
DA:143,0
DA:147,0
DA:148,0
DA:152,0
DA:153,0
LF:57
LH:15
BRDA:33,0,0,0
BRDA:70,1,0,0
BRDA:70,1,1,0
BRDA:73,2,0,0
BRDA:73,2,1,0
BRDA:82,3,0,0
BRDA:82,3,1,0
BRDA:86,4,0,0
BRDA:86,4,1,0
BRDA:93,5,0,0
BRDA:93,5,1,0
BRF:11
BRH:0
end_of_record
TN:
SF:C:\Users\Thomas Gil\Documents\Udemy\thomas-gil.herokuapp.com-master\client\src\components\AdminDashboard.js
FN:7,(anonymous_0)
FNF:1
FNH:0
FNDA:0,(anonymous_0)
DA:7,1
DA:8,0
LF:2
LH:1
BRF:0
BRH:0
end_of_record
TN:
SF:C:\Users\Thomas Gil\Documents\Udemy\thomas-gil.herokuapp.com-master\client\src\components\CV.js
FN:11,(anonymous_0)
FN:12,(anonymous_1)
FNF:2
FNH:0
FNDA:0,(anonymous_0)
FNDA:0,(anonymous_1)
DA:11,1
DA:12,0
DA:13,0
DA:14,0
DA:16,0
DA:17,0
DA:20,0
LF:7
LH:1
BRDA:13,0,0,0
BRDA:13,0,1,0
BRDA:16,1,0,0
BRDA:16,1,1,0
BRDA:23,2,0,0
BRDA:23,2,1,0
BRDA:24,3,0,0
BRDA:24,3,1,0
BRF:8
BRH:0
end_of_record
TN:
SF:C:\Users\Thomas Gil\Documents\Udemy\thomas-gil.herokuapp.com-master\client\src\components\CV2.js
FN:4,(anonymous_0)
FNF:1
FNH:0
FNDA:0,(anonymous_0)
DA:4,1
DA:5,0
LF:2
LH:1
BRF:0
BRH:0
end_of_record
TN:
SF:C:\Users\Thomas Gil\Documents\Udemy\thomas-gil.herokuapp.com-master\client\src\components\Contact.js
FN:7,(anonymous_0)
FNF:1
FNH:0
FNDA:0,(anonymous_0)
DA:7,1
DA:9,0
DA:10,0
LF:3
LH:1
BRF:0
BRH:0
end_of_record
TN:
SF:C:\Users\Thomas Gil\Documents\Udemy\thomas-gil.herokuapp.com-master\client\src\components\EditSiteItemPage.js
FN:8,(anonymous_0)
FN:10,(anonymous_1)
FN:11,(anonymous_2)
FN:29,(anonymous_3)
FN:41,(anonymous_4)
FN:45,(anonymous_5)
FN:51,(anonymous_6)
FN:56,handleSubmit
FN:61,(anonymous_8)
FN:69,(anonymous_9)
FNF:10
FNH:0
FNDA:0,(anonymous_0)
FNDA:0,(anonymous_1)
FNDA:0,(anonymous_2)
FNDA:0,(anonymous_3)
FNDA:0,(anonymous_4)
FNDA:0,(anonymous_5)
FNDA:0,(anonymous_6)
FNDA:0,handleSubmit
FNDA:0,(anonymous_8)
FNDA:0,(anonymous_9)
DA:6,1
DA:8,1
DA:9,0
DA:10,0
DA:11,0
DA:12,0
DA:13,0
DA:28,0
DA:29,0
DA:30,0
DA:31,0
DA:38,0
DA:41,0
DA:42,0
DA:45,0
DA:47,0
DA:48,0
DA:49,0
DA:51,0
DA:52,0
DA:53,0
DA:57,0
DA:59,0
DA:60,0
DA:62,0
DA:63,0
DA:65,0
DA:66,0
DA:67,0
DA:69,0
DA:72,0
LF:31
LH:2
BRDA:23,0,0,0
BRDA:24,1,0,0
BRDA:74,2,0,0
BRDA:74,2,1,0
BRDA:74,2,2,0
BRDA:78,3,0,0
BRDA:78,3,1,0
BRF:7
BRH:0
end_of_record
TN:
SF:C:\Users\Thomas Gil\Documents\Udemy\thomas-gil.herokuapp.com-master\client\src\components\Home.js
FN:17,(anonymous_0)
FN:19,(anonymous_1)
FNF:2
FNH:0
FNDA:0,(anonymous_0)
FNDA:0,(anonymous_1)
DA:17,1
DA:19,0
DA:20,0
DA:21,0
DA:23,0
DA:24,0
DA:27,0
LF:7
LH:1
BRDA:20,0,0,0
BRDA:20,0,1,0
BRDA:23,1,0,0
BRDA:23,1,1,0
BRDA:36,2,0,0
BRDA:36,2,1,0
BRDA:50,3,0,0
BRDA:50,3,1,0
BRF:8
BRH:0
end_of_record
TN:
SF:C:\Users\Thomas Gil\Documents\Udemy\thomas-gil.herokuapp.com-master\client\src\components\MentionsLegales.js
FN:6,(anonymous_0)
FNF:1
FNH:0
FNDA:0,(anonymous_0)
DA:6,1
DA:8,0
LF:2
LH:1
BRF:0
BRH:0
end_of_record
TN:
SF:C:\Users\Thomas Gil\Documents\Udemy\thomas-gil.herokuapp.com-master\client\src\components\Signin.js
FN:8,(anonymous_0)
FNF:1
FNH:0
FNDA:0,(anonymous_0)
DA:8,1
DA:9,0
LF:2
LH:1
BRF:0
BRH:0
end_of_record
TN:
SF:C:\Users\Thomas Gil\Documents\Udemy\thomas-gil.herokuapp.com-master\client\src\components\minorComponents\Cookie.js
FN:7,(anonymous_0)
FN:8,(anonymous_1)
FN:11,(anonymous_2)
FN:23,(anonymous_3)
FNF:4
FNH:0
FNDA:0,(anonymous_0)
FNDA:0,(anonymous_1)
FNDA:0,(anonymous_2)
FNDA:0,(anonymous_3)
DA:7,1
DA:8,0
DA:9,0
DA:11,0
DA:12,0
DA:13,0
DA:16,0
DA:24,0
LF:8
LH:1
BRDA:12,0,0,0
BRDA:12,0,1,0
BRF:2
BRH:0
end_of_record
TN:
SF:C:\Users\Thomas Gil\Documents\Udemy\thomas-gil.herokuapp.com-master\client\src\components\minorComponents\Footer.js
FN:5,(anonymous_0)
FN:6,(anonymous_1)
FN:7,(anonymous_2)
FNF:3
FNH:0
FNDA:0,(anonymous_0)
FNDA:0,(anonymous_1)
FNDA:0,(anonymous_2)
DA:5,1
DA:6,0
DA:7,0
DA:8,0
DA:19,0
LF:5
LH:1
BRDA:36,0,0,0
BRDA:36,0,1,0
BRDA:36,1,0,0
BRDA:36,1,1,0
BRF:4
BRH:0
end_of_record
TN:
SF:C:\Users\Thomas Gil\Documents\Udemy\thomas-gil.herokuapp.com-master\client\src\components\minorComponents\HomeHeader.js
FN:6,(anonymous_0)
FNF:1
FNH:0
FNDA:0,(anonymous_0)
DA:6,1
DA:8,0
LF:2
LH:1
BRF:0
BRH:0
end_of_record
TN:
SF:C:\Users\Thomas Gil\Documents\Udemy\thomas-gil.herokuapp.com-master\client\src\components\minorComponents\LaptopAndSkills.js
FN:3,(anonymous_0)
FNF:1
FNH:0
FNDA:0,(anonymous_0)
DA:3,1
DA:4,0
LF:2
LH:1
BRF:0
BRH:0
end_of_record
TN:
SF:C:\Users\Thomas Gil\Documents\Udemy\thomas-gil.herokuapp.com-master\client\src\components\minorComponents\LastWorks.js
FN:6,(anonymous_0)
FN:7,(anonymous_1)
FNF:2
FNH:0
FNDA:0,(anonymous_0)
FNDA:0,(anonymous_1)
DA:6,1
DA:7,0
DA:8,0
LF:3
LH:1
BRDA:11,0,0,0
BRDA:11,0,1,0
BRDA:12,1,0,0
BRDA:12,1,1,0
BRF:4
BRH:0
end_of_record
TN:
SF:C:\Users\Thomas Gil\Documents\Udemy\thomas-gil.herokuapp.com-master\client\src\components\minorComponents\Menu.js
FN:8,(anonymous_0)
FN:10,(anonymous_1)
FN:12,(anonymous_2)
FNF:3
FNH:0
FNDA:0,(anonymous_0)
FNDA:0,(anonymous_1)
FNDA:0,(anonymous_2)
DA:8,1
DA:9,0
DA:10,0
DA:12,0
DA:13,0
DA:14,0
DA:17,0
LF:7
LH:1
BRDA:35,0,0,0
BRDA:35,0,1,0
BRF:2
BRH:0
end_of_record
TN:
SF:C:\Users\Thomas Gil\Documents\Udemy\thomas-gil.herokuapp.com-master\client\src\components\minorComponents\Skills.js
FN:4,(anonymous_0)
FNF:1
FNH:0
FNDA:0,(anonymous_0)
DA:4,1
DA:5,0
LF:2
LH:1
BRF:0
BRH:0
end_of_record
TN:
SF:C:\Users\Thomas Gil\Documents\Udemy\thomas-gil.herokuapp.com-master\client\src\components\minorComponents\WorkCardItem.js
FN:5,(anonymous_0)
FN:6,(anonymous_1)
FN:7,(anonymous_2)
FN:12,(anonymous_3)
FN:19,(anonymous_4)
FN:29,(anonymous_5)
FN:34,(anonymous_6)
FN:35,(anonymous_7)
FN:73,(anonymous_8)
FNF:9
FNH:0
FNDA:0,(anonymous_0)
FNDA:0,(anonymous_1)
FNDA:0,(anonymous_2)
FNDA:0,(anonymous_3)
FNDA:0,(anonymous_4)
FNDA:0,(anonymous_5)
FNDA:0,(anonymous_6)
FNDA:0,(anonymous_7)
FNDA:0,(anonymous_8)
DA:5,1
DA:6,0
DA:7,0
DA:8,0
DA:12,0
DA:13,0
DA:14,0
DA:17,0
DA:19,0
DA:20,0
DA:21,0
DA:24,0
DA:29,0
DA:30,0
DA:34,0
DA:35,0
DA:71,0
DA:74,0
LF:18
LH:1
BRDA:37,0,0,0
BRDA:37,0,1,0
BRDA:46,1,0,0
BRDA:46,1,1,0
BRDA:47,2,0,0
BRDA:47,2,1,0
BRDA:73,3,0,0
BRDA:73,3,1,0
BRF:8
BRH:0
end_of_record
TN:
SF:C:\Users\Thomas Gil\Documents\Udemy\thomas-gil.herokuapp.com-master\client\src\components\minorComponents\admindashboard\ADHeader.js
FN:3,(anonymous_0)
FN:4,(anonymous_1)
FNF:2
FNH:0
FNDA:0,(anonymous_0)
FNDA:0,(anonymous_1)
DA:3,1
DA:4,0
DA:6,0
LF:3
LH:1
BRDA:9,0,0,0
BRDA:9,0,1,0
BRF:2
BRH:0
end_of_record
TN:
SF:C:\Users\Thomas Gil\Documents\Udemy\thomas-gil.herokuapp.com-master\client\src\components\minorComponents\admindashboard\ADNewProject.js
FN:7,(anonymous_0)
FN:11,(anonymous_1)
FN:30,(anonymous_2)
FN:34,(anonymous_3)
FN:37,(anonymous_4)
FN:43,(anonymous_5)
FN:48,handleSubmit
FN:54,(anonymous_7)
FN:71,(anonymous_8)
FNF:9
FNH:0
FNDA:0,(anonymous_0)
FNDA:0,(anonymous_1)
FNDA:0,(anonymous_2)
FNDA:0,(anonymous_3)
FNDA:0,(anonymous_4)
FNDA:0,(anonymous_5)
FNDA:0,handleSubmit
FNDA:0,(anonymous_7)
FNDA:0,(anonymous_8)
DA:7,1
DA:8,0
DA:9,0
DA:11,0
DA:12,0
DA:13,0
DA:28,0
DA:30,0
DA:31,0
DA:34,0
DA:35,0
DA:37,0
DA:38,0
DA:39,0
DA:40,0
DA:41,0
DA:43,0
DA:44,0
DA:45,0
DA:49,0
DA:50,0
DA:51,0
DA:53,0
DA:55,0
DA:56,0
DA:57,0
DA:65,0
DA:66,0
DA:67,0
DA:68,0
DA:71,0
DA:73,0
LF:32
LH:1
BRDA:22,0,0,0
BRDA:23,1,0,0
BRDA:24,2,0,0
BRDA:25,3,0,0
BRDA:27,4,0,0
BRF:5
BRH:0
end_of_record
TN:
SF:C:\Users\Thomas Gil\Documents\Udemy\thomas-gil.herokuapp.com-master\client\src\components\minorComponents\admindashboard\ADProjectGallery.js
FN:5,(anonymous_0)
FN:6,(anonymous_1)
FN:7,(anonymous_2)
FN:9,(anonymous_3)
FN:9,(anonymous_4)
FN:12,(anonymous_5)
FN:21,(anonymous_6)
FNF:7
FNH:0
FNDA:0,(anonymous_0)
FNDA:0,(anonymous_1)
FNDA:0,(anonymous_2)
FNDA:0,(anonymous_3)
FNDA:0,(anonymous_4)
FNDA:0,(anonymous_5)
FNDA:0,(anonymous_6)
DA:5,1
DA:6,0
DA:7,0
DA:8,0
DA:9,0
DA:10,0
DA:11,0
DA:13,0
DA:16,0
DA:22,0
LF:10
LH:1
BRDA:21,0,0,0
BRDA:21,0,1,0
BRF:2
BRH:0
end_of_record
TN:
SF:C:\Users\Thomas Gil\Documents\Udemy\thomas-gil.herokuapp.com-master\client\src\components\minorComponents\contact\ContactForm.js
FN:8,(anonymous_0)
FN:12,(anonymous_1)
FN:23,(anonymous_2)
FN:26,(anonymous_3)
FN:33,(anonymous_4)
FNF:5
FNH:0
FNDA:0,(anonymous_0)
FNDA:0,(anonymous_1)
FNDA:0,(anonymous_2)
FNDA:0,(anonymous_3)
FNDA:0,(anonymous_4)
DA:8,1
DA:9,0
DA:10,0
DA:12,0
DA:13,0
DA:14,0
DA:15,0
DA:16,0
DA:18,0
DA:19,0
DA:23,0
DA:24,0
DA:25,0
DA:27,0
DA:28,0
DA:29,0
DA:30,0
DA:31,0
DA:34,0
DA:35,0
DA:38,0
LF:21
LH:1
BRDA:13,0,0,0
BRDA:13,0,1,0
BRDA:15,1,0,0
BRDA:15,1,1,0
BRDA:18,2,0,0
BRDA:18,2,1,0
BRF:6
BRH:0
end_of_record
TN:
SF:C:\Users\Thomas Gil\Documents\Udemy\thomas-gil.herokuapp.com-master\client\src\components\minorComponents\contact\ContactMenu.js
FN:6,(anonymous_0)
FN:8,(anonymous_1)
FN:10,(anonymous_2)
FNF:3
FNH:0
FNDA:0,(anonymous_0)
FNDA:0,(anonymous_1)
FNDA:0,(anonymous_2)
DA:6,1
DA:7,0
DA:8,0
DA:10,0
DA:11,0
DA:12,0
DA:15,0
LF:7
LH:1
BRDA:32,0,0,0
BRDA:32,0,1,0
BRF:2
BRH:0
end_of_record
TN:
SF:C:\Users\Thomas Gil\Documents\Udemy\thomas-gil.herokuapp.com-master\client\src\components\minorComponents\contact\ContactMenuEn.js
FN:6,(anonymous_0)
FN:8,(anonymous_1)
FN:10,(anonymous_2)
FNF:3
FNH:0
FNDA:0,(anonymous_0)
FNDA:0,(anonymous_1)
FNDA:0,(anonymous_2)
DA:6,1
DA:7,0
DA:8,0
DA:10,0
DA:11,0
DA:12,0
DA:15,0
LF:7
LH:1
BRDA:32,0,0,0
BRDA:32,0,1,0
BRF:2
BRH:0
end_of_record
TN:
SF:C:\Users\Thomas Gil\Documents\Udemy\thomas-gil.herokuapp.com-master\client\src\components\minorComponents\cv\CVSkills.js
FN:3,(anonymous_0)
FN:4,(anonymous_1)
FNF:2
FNH:0
FNDA:0,(anonymous_0)
FNDA:0,(anonymous_1)
DA:3,0
DA:4,0
DA:5,0
DA:22,0
LF:4
LH:0
BRDA:17,0,0,0
BRDA:17,0,1,0
BRF:2
BRH:0
end_of_record
TN:
SF:C:\Users\Thomas Gil\Documents\Udemy\thomas-gil.herokuapp.com-master\client\src\components\minorComponents\cv\HardCv.js
FN:3,(anonymous_0)
FNF:1
FNH:0
FNDA:0,(anonymous_0)
DA:3,1
DA:4,0
LF:2
LH:1
BRF:0
BRH:0
end_of_record
TN:
SF:C:\Users\Thomas Gil\Documents\Udemy\thomas-gil.herokuapp.com-master\client\src\components\minorComponents\cv\HardCvEn.js
FN:3,(anonymous_0)
FNF:1
FNH:0
FNDA:0,(anonymous_0)
DA:3,1
DA:4,0
LF:2
LH:1
BRF:0
BRH:0
end_of_record
TN:
SF:C:\Users\Thomas Gil\Documents\Udemy\thomas-gil.herokuapp.com-master\client\src\components\minorComponents\cv\SkillsLevel.js
FN:6,(anonymous_0)
FNF:1
FNH:0
FNDA:0,(anonymous_0)
DA:6,1
DA:8,0
LF:2
LH:1
BRF:0
BRH:0
end_of_record
TN:
SF:C:\Users\Thomas Gil\Documents\Udemy\thomas-gil.herokuapp.com-master\client\src\components\minorComponents\cv\SkillsLevelEn.js
FN:6,(anonymous_0)
FNF:1
FNH:0
FNDA:0,(anonymous_0)
DA:6,1
DA:8,0
LF:2
LH:1
BRF:0
BRH:0
end_of_record
TN:
SF:C:\Users\Thomas Gil\Documents\Udemy\thomas-gil.herokuapp.com-master\client\src\components\minorComponents\layout\alert.js
FN:6,(anonymous_0)
FN:7,(anonymous_1)
FN:10,(anonymous_2)
FNF:3
FNH:0
FNDA:0,(anonymous_0)
FNDA:0,(anonymous_1)
FNDA:0,(anonymous_2)
DA:6,1
DA:7,0
DA:9,0
DA:11,0
LF:4
LH:1
BRDA:10,0,0,0
BRDA:10,0,1,0
BRF:2
BRH:0
end_of_record
TN:
SF:C:\Users\Thomas Gil\Documents\Udemy\thomas-gil.herokuapp.com-master\client\src\components\minorComponents\signin\SigninForm.js
FN:8,(anonymous_0)
FN:17,(anonymous_1)
FN:20,(anonymous_2)
FN:20,(anonymous_3)
FN:24,(anonymous_4)
FN:28,(anonymous_5)
FN:32,(anonymous_6)
FNF:7
FNH:0
FNDA:0,(anonymous_0)
FNDA:0,(anonymous_1)
FNDA:0,(anonymous_2)
FNDA:0,(anonymous_3)
FNDA:0,(anonymous_4)
FNDA:0,(anonymous_5)
FNDA:0,(anonymous_6)
DA:8,1
DA:9,0
DA:16,0
DA:17,0
DA:18,0
DA:19,0
DA:20,0
DA:21,0
DA:24,0
DA:25,0
DA:26,0
DA:27,0
DA:29,0
DA:30,0
DA:32,0
DA:33,0
DA:34,0
DA:35,0
DA:43,0
DA:44,0
DA:63,0
LF:21
LH:1
BRDA:29,0,0,0
BRDA:29,0,1,0
BRDA:43,1,0,0
BRDA:43,1,1,0
BRF:4
BRH:0
end_of_record
TN:
SF:C:\Users\Thomas Gil\Documents\Udemy\thomas-gil.herokuapp.com-master\client\src\componentsEn\MenuEn.js
FN:7,(anonymous_0)
FN:9,(anonymous_1)
FN:11,(anonymous_2)
FNF:3
FNH:0
FNDA:0,(anonymous_0)
FNDA:0,(anonymous_1)
FNDA:0,(anonymous_2)
DA:7,1
DA:8,0
DA:9,0
DA:11,0
DA:12,0
DA:13,0
DA:16,0
LF:7
LH:1
BRDA:34,0,0,0
BRDA:34,0,1,0
BRF:2
BRH:0
end_of_record
TN:
SF:C:\Users\Thomas Gil\Documents\Udemy\thomas-gil.herokuapp.com-master\client\src\componentsEn\minorComponents\HomeHeaderEn.js
FN:4,(anonymous_0)
FNF:1
FNH:0
FNDA:0,(anonymous_0)
DA:4,1
DA:6,0
LF:2
LH:1
BRF:0
BRH:0
end_of_record
TN:
SF:C:\Users\Thomas Gil\Documents\Udemy\thomas-gil.herokuapp.com-master\client\src\componentsEn\minorComponents\LaptopAndSkillsEn.js
FN:3,(anonymous_0)
FNF:1
FNH:0
FNDA:0,(anonymous_0)
DA:3,1
DA:4,0
LF:2
LH:1
BRF:0
BRH:0
end_of_record
TN:
SF:C:\Users\Thomas Gil\Documents\Udemy\thomas-gil.herokuapp.com-master\client\src\componentsEn\minorComponents\SkillsEn.js
FN:4,(anonymous_0)
FNF:1
FNH:0
FNDA:0,(anonymous_0)
DA:4,1
DA:5,0
LF:2
LH:1
BRF:0
BRH:0
end_of_record
TN:
SF:C:\Users\Thomas Gil\Documents\Udemy\thomas-gil.herokuapp.com-master\client\src\reducers\acceptReducer.js
FN:4,acceptReducer
FNF:1
FNH:0
FNDA:0,acceptReducer
DA:3,0
DA:5,0
DA:7,0
DA:9,0
LF:4
LH:0
BRDA:4,0,0,0
BRDA:5,1,0,0
BRDA:5,1,1,0
BRF:3
BRH:0
end_of_record
TN:
SF:C:\Users\Thomas Gil\Documents\Udemy\thomas-gil.herokuapp.com-master\client\src\reducers\alertReducer.js
FN:3,alertReducer
FN:8,(anonymous_1)
FNF:2
FNH:0
FNDA:0,alertReducer
FNDA:0,(anonymous_1)
DA:2,0
DA:4,0
DA:6,0
DA:8,0
DA:10,0
LF:5
LH:0
BRDA:3,0,0,0
BRDA:4,1,0,0
BRDA:4,1,1,0
BRDA:4,1,2,0
BRF:4
BRH:0
end_of_record
TN:
SF:C:\Users\Thomas Gil\Documents\Udemy\thomas-gil.herokuapp.com-master\client\src\reducers\index.js
FNF:0
FNH:0
LF:0
LH:0
BRF:0
BRH:0
end_of_record
TN:
SF:C:\Users\Thomas Gil\Documents\Udemy\thomas-gil.herokuapp.com-master\client\src\reducers\languageReducer.js
FN:4,languageReducer
FNF:1
FNH:0
FNDA:0,languageReducer
DA:3,0
DA:5,0
DA:7,0
DA:9,0
LF:4
LH:0
BRDA:4,0,0,0
BRDA:5,1,0,0
BRDA:5,1,1,0
BRF:3
BRH:0
end_of_record
TN:
SF:C:\Users\Thomas Gil\Documents\Udemy\thomas-gil.herokuapp.com-master\client\src\reducers\newSiteReducer.js
FN:4,newSiteReducer
FNF:1
FNH:0
FNDA:0,newSiteReducer
DA:3,0
DA:5,0
DA:7,0
DA:9,0
LF:4
LH:0
BRDA:4,0,0,0
BRDA:5,1,0,0
BRDA:5,1,1,0
BRF:3
BRH:0
end_of_record
TN:
SF:C:\Users\Thomas Gil\Documents\Udemy\thomas-gil.herokuapp.com-master\client\src\reducers\siteReducer.js
FN:4,siteReducer
FNF:1
FNH:0
FNDA:0,siteReducer
DA:3,0
DA:5,0
DA:7,0
DA:9,0
DA:11,0
LF:5
LH:0
BRDA:4,0,0,0
BRDA:5,1,0,0
BRDA:5,1,1,0
BRDA:5,1,2,0
BRF:4
BRH:0
end_of_record
TN:
SF:C:\Users\Thomas Gil\Documents\Udemy\thomas-gil.herokuapp.com-master\client\src\reducers\sitesReducer.js
FN:4,sitesReducer
FNF:1
FNH:0
FNDA:0,sitesReducer
DA:3,0
DA:5,0
DA:7,0
DA:9,0
LF:4
LH:0
BRDA:4,0,0,0
BRDA:5,1,0,0
BRDA:5,1,1,0
BRF:3
BRH:0
end_of_record
TN:
SF:C:\Users\Thomas Gil\Documents\Udemy\thomas-gil.herokuapp.com-master\client\src\reducers\userReducer.js
FN:4,userReducer
FNF:1
FNH:0
FNDA:0,userReducer
DA:3,0
DA:5,0
DA:7,0
DA:9,0
LF:4
LH:0
BRDA:4,0,0,0
BRDA:5,1,0,0
BRDA:5,1,1,0
BRF:3
BRH:0
end_of_record
