{"C:\\Users\\Thomas Gil\\Documents\\Udemy\\thomas-gil.herokuapp.com-master\\app.js": {"path":"C:\\Users\\Thomas Gil\\Documents\\Udemy\\thomas-gil.herokuapp.com-master\\app.js","statementMap":{"0":{"start":{"line":1,"column":16},"end":{"line":1,"column":34}},"1":{"start":{"line":2,"column":17},"end":{"line":2,"column":36}},"2":{"start":{"line":3,"column":13},"end":{"line":3,"column":28}},"3":{"start":{"line":4,"column":19},"end":{"line":4,"column":47}},"4":{"start":{"line":5,"column":19},"end":{"line":5,"column":47}},"5":{"start":{"line":6,"column":0},"end":{"line":6,"column":27}},"6":{"start":{"line":7,"column":13},"end":{"line":7,"column":28}},"7":{"start":{"line":9,"column":15},"end":{"line":9,"column":32}},"8":{"start":{"line":10,"column":19},"end":{"line":10,"column":41}},"9":{"start":{"line":11,"column":21},"end":{"line":11,"column":45}},"10":{"start":{"line":12,"column":25},"end":{"line":12,"column":53}},"11":{"start":{"line":14,"column":12},"end":{"line":14,"column":21}},"12":{"start":{"line":15,"column":0},"end":{"line":20,"column":65}},"13":{"start":{"line":20,"column":14},"end":{"line":20,"column":63}},"14":{"start":{"line":23,"column":0},"end":{"line":23,"column":23}},"15":{"start":{"line":25,"column":0},"end":{"line":25,"column":27}},"16":{"start":{"line":26,"column":0},"end":{"line":26,"column":24}},"17":{"start":{"line":27,"column":0},"end":{"line":27,"column":28}},"18":{"start":{"line":28,"column":0},"end":{"line":28,"column":15}},"19":{"start":{"line":29,"column":0},"end":{"line":29,"column":28}},"20":{"start":{"line":30,"column":0},"end":{"line":30,"column":28}},"21":{"start":{"line":31,"column":0},"end":{"line":31,"column":61}},"22":{"start":{"line":32,"column":0},"end":{"line":32,"column":44}},"23":{"start":{"line":34,"column":1},"end":{"line":36,"column":3}},"24":{"start":{"line":35,"column":2},"end":{"line":35,"column":65}},"25":{"start":{"line":39,"column":0},"end":{"line":39,"column":18}}},"fnMap":{"0":{"name":"(anonymous_0)","decl":{"start":{"line":20,"column":8},"end":{"line":20,"column":9}},"loc":{"start":{"line":20,"column":14},"end":{"line":20,"column":63}},"line":20},"1":{"name":"(anonymous_1)","decl":{"start":{"line":34,"column":14},"end":{"line":34,"column":15}},"loc":{"start":{"line":34,"column":28},"end":{"line":36,"column":1}},"line":34}},"branchMap":{},"s":{"0":2,"1":2,"2":2,"3":2,"4":2,"5":2,"6":2,"7":2,"8":2,"9":2,"10":2,"11":2,"12":2,"13":2,"14":2,"15":2,"16":2,"17":2,"18":2,"19":2,"20":2,"21":2,"22":2,"23":2,"24":0,"25":2},"f":{"0":2,"1":0},"b":{},"_coverageSchema":"1a1c01bbd47fc00a2c39e90264f33305004495a9","hash":"48e4e0e7a00ae95c036885c7b0b2ea85c6a75e86"}
,"C:\\Users\\Thomas Gil\\Documents\\Udemy\\thomas-gil.herokuapp.com-master\\helpers\\dbErrorHandler.js": {"path":"C:\\Users\\Thomas Gil\\Documents\\Udemy\\thomas-gil.herokuapp.com-master\\helpers\\dbErrorHandler.js","statementMap":{"0":{"start":{"line":6,"column":22},"end":{"line":22,"column":1}},"1":{"start":{"line":8,"column":4},"end":{"line":19,"column":5}},"2":{"start":{"line":9,"column":24},"end":{"line":12,"column":9}},"3":{"start":{"line":13,"column":8},"end":{"line":16,"column":30}},"4":{"start":{"line":18,"column":8},"end":{"line":18,"column":47}},"5":{"start":{"line":21,"column":4},"end":{"line":21,"column":18}},"6":{"start":{"line":27,"column":0},"end":{"line":47,"column":2}},"7":{"start":{"line":28,"column":18},"end":{"line":28,"column":20}},"8":{"start":{"line":30,"column":4},"end":{"line":44,"column":5}},"9":{"start":{"line":31,"column":8},"end":{"line":38,"column":9}},"10":{"start":{"line":34,"column":16},"end":{"line":34,"column":47}},"11":{"start":{"line":35,"column":16},"end":{"line":35,"column":22}},"12":{"start":{"line":37,"column":16},"end":{"line":37,"column":49}},"13":{"start":{"line":40,"column":8},"end":{"line":43,"column":9}},"14":{"start":{"line":41,"column":12},"end":{"line":42,"column":58}},"15":{"start":{"line":42,"column":16},"end":{"line":42,"column":58}},"16":{"start":{"line":46,"column":4},"end":{"line":46,"column":19}}},"fnMap":{"0":{"name":"(anonymous_0)","decl":{"start":{"line":6,"column":22},"end":{"line":6,"column":23}},"loc":{"start":{"line":6,"column":31},"end":{"line":22,"column":1}},"line":6},"1":{"name":"(anonymous_1)","decl":{"start":{"line":27,"column":23},"end":{"line":27,"column":24}},"loc":{"start":{"line":27,"column":32},"end":{"line":47,"column":1}},"line":27}},"branchMap":{"0":{"loc":{"start":{"line":30,"column":4},"end":{"line":44,"column":5}},"type":"if","locations":[{"start":{"line":30,"column":4},"end":{"line":44,"column":5}},{"start":{"line":30,"column":4},"end":{"line":44,"column":5}}],"line":30},"1":{"loc":{"start":{"line":31,"column":8},"end":{"line":38,"column":9}},"type":"switch","locations":[{"start":{"line":32,"column":12},"end":{"line":32,"column":23}},{"start":{"line":33,"column":12},"end":{"line":35,"column":22}},{"start":{"line":36,"column":12},"end":{"line":37,"column":49}}],"line":31},"2":{"loc":{"start":{"line":41,"column":12},"end":{"line":42,"column":58}},"type":"if","locations":[{"start":{"line":41,"column":12},"end":{"line":42,"column":58}},{"start":{"line":41,"column":12},"end":{"line":42,"column":58}}],"line":41}},"s":{"0":2,"1":0,"2":0,"3":0,"4":0,"5":0,"6":2,"7":1,"8":1,"9":0,"10":0,"11":0,"12":0,"13":1,"14":1,"15":1,"16":1},"f":{"0":0,"1":1},"b":{"0":[0,1],"1":[0,0,0],"2":[1,0]},"_coverageSchema":"1a1c01bbd47fc00a2c39e90264f33305004495a9","hash":"01b24fcef3bf55e69ad44d0a2228789c3543c78b"}
,"C:\\Users\\Thomas Gil\\Documents\\Udemy\\thomas-gil.herokuapp.com-master\\src\\controllers\\auth.js": {"path":"C:\\Users\\Thomas Gil\\Documents\\Udemy\\thomas-gil.herokuapp.com-master\\src\\controllers\\auth.js","statementMap":{"0":{"start":{"line":1,"column":13},"end":{"line":1,"column":38}},"1":{"start":{"line":2,"column":12},"end":{"line":2,"column":35}},"2":{"start":{"line":3,"column":19},"end":{"line":3,"column":41}},"3":{"start":{"line":4,"column":25},"end":{"line":4,"column":67}},"4":{"start":{"line":5,"column":0},"end":{"line":5,"column":27}},"5":{"start":{"line":7,"column":0},"end":{"line":22,"column":2}},"6":{"start":{"line":8,"column":17},"end":{"line":8,"column":35}},"7":{"start":{"line":9,"column":4},"end":{"line":21,"column":7}},"8":{"start":{"line":10,"column":8},"end":{"line":14,"column":9}},"9":{"start":{"line":11,"column":12},"end":{"line":13,"column":15}},"10":{"start":{"line":16,"column":8},"end":{"line":16,"column":30}},"11":{"start":{"line":17,"column":8},"end":{"line":17,"column":41}},"12":{"start":{"line":18,"column":8},"end":{"line":20,"column":11}},"13":{"start":{"line":24,"column":0},"end":{"line":48,"column":2}},"14":{"start":{"line":26,"column":32},"end":{"line":26,"column":40}},"15":{"start":{"line":27,"column":4},"end":{"line":47,"column":7}},"16":{"start":{"line":28,"column":8},"end":{"line":32,"column":9}},"17":{"start":{"line":29,"column":12},"end":{"line":31,"column":15}},"18":{"start":{"line":35,"column":8},"end":{"line":39,"column":9}},"19":{"start":{"line":36,"column":12},"end":{"line":38,"column":15}},"20":{"start":{"line":41,"column":22},"end":{"line":41,"column":73}},"21":{"start":{"line":45,"column":37},"end":{"line":45,"column":41}},"22":{"start":{"line":46,"column":8},"end":{"line":46,"column":63}},"23":{"start":{"line":50,"column":0},"end":{"line":53,"column":2}},"24":{"start":{"line":51,"column":4},"end":{"line":51,"column":25}},"25":{"start":{"line":52,"column":4},"end":{"line":52,"column":45}},"26":{"start":{"line":55,"column":0},"end":{"line":59,"column":3}},"27":{"start":{"line":61,"column":0},"end":{"line":69,"column":2}},"28":{"start":{"line":62,"column":15},"end":{"line":62,"column":73}},"29":{"start":{"line":63,"column":4},"end":{"line":67,"column":5}},"30":{"start":{"line":64,"column":8},"end":{"line":66,"column":11}},"31":{"start":{"line":68,"column":4},"end":{"line":68,"column":11}}},"fnMap":{"0":{"name":"(anonymous_0)","decl":{"start":{"line":7,"column":17},"end":{"line":7,"column":18}},"loc":{"start":{"line":7,"column":31},"end":{"line":22,"column":1}},"line":7},"1":{"name":"(anonymous_1)","decl":{"start":{"line":9,"column":14},"end":{"line":9,"column":15}},"loc":{"start":{"line":9,"column":29},"end":{"line":21,"column":5}},"line":9},"2":{"name":"(anonymous_2)","decl":{"start":{"line":24,"column":17},"end":{"line":24,"column":18}},"loc":{"start":{"line":24,"column":31},"end":{"line":48,"column":1}},"line":24},"3":{"name":"(anonymous_3)","decl":{"start":{"line":27,"column":28},"end":{"line":27,"column":29}},"loc":{"start":{"line":27,"column":43},"end":{"line":47,"column":5}},"line":27},"4":{"name":"(anonymous_4)","decl":{"start":{"line":50,"column":18},"end":{"line":50,"column":19}},"loc":{"start":{"line":50,"column":32},"end":{"line":53,"column":1}},"line":50},"5":{"name":"(anonymous_5)","decl":{"start":{"line":61,"column":17},"end":{"line":61,"column":18}},"loc":{"start":{"line":61,"column":37},"end":{"line":69,"column":1}},"line":61}},"branchMap":{"0":{"loc":{"start":{"line":10,"column":8},"end":{"line":14,"column":9}},"type":"if","locations":[{"start":{"line":10,"column":8},"end":{"line":14,"column":9}},{"start":{"line":10,"column":8},"end":{"line":14,"column":9}}],"line":10},"1":{"loc":{"start":{"line":28,"column":8},"end":{"line":32,"column":9}},"type":"if","locations":[{"start":{"line":28,"column":8},"end":{"line":32,"column":9}},{"start":{"line":28,"column":8},"end":{"line":32,"column":9}}],"line":28},"2":{"loc":{"start":{"line":28,"column":12},"end":{"line":28,"column":24}},"type":"binary-expr","locations":[{"start":{"line":28,"column":12},"end":{"line":28,"column":15}},{"start":{"line":28,"column":19},"end":{"line":28,"column":24}}],"line":28},"3":{"loc":{"start":{"line":35,"column":8},"end":{"line":39,"column":9}},"type":"if","locations":[{"start":{"line":35,"column":8},"end":{"line":39,"column":9}},{"start":{"line":35,"column":8},"end":{"line":39,"column":9}}],"line":35},"4":{"loc":{"start":{"line":62,"column":15},"end":{"line":62,"column":73}},"type":"binary-expr","locations":[{"start":{"line":62,"column":15},"end":{"line":62,"column":26}},{"start":{"line":62,"column":30},"end":{"line":62,"column":38}},{"start":{"line":62,"column":42},"end":{"line":62,"column":73}}],"line":62},"5":{"loc":{"start":{"line":63,"column":4},"end":{"line":67,"column":5}},"type":"if","locations":[{"start":{"line":63,"column":4},"end":{"line":67,"column":5}},{"start":{"line":63,"column":4},"end":{"line":67,"column":5}}],"line":63}},"s":{"0":2,"1":2,"2":2,"3":2,"4":2,"5":2,"6":2,"7":2,"8":2,"9":1,"10":1,"11":1,"12":1,"13":2,"14":2,"15":2,"16":2,"17":0,"18":2,"19":1,"20":1,"21":1,"22":1,"23":2,"24":0,"25":0,"26":2,"27":2,"28":4,"29":4,"30":0,"31":4},"f":{"0":2,"1":2,"2":2,"3":2,"4":0,"5":4},"b":{"0":[1,1],"1":[0,2],"2":[2,2],"3":[1,1],"4":[4,4,4],"5":[0,4]},"_coverageSchema":"1a1c01bbd47fc00a2c39e90264f33305004495a9","hash":"4b8d89766f1f4d106f9269d88202e58636789548"}
,"C:\\Users\\Thomas Gil\\Documents\\Udemy\\thomas-gil.herokuapp.com-master\\src\\controllers\\site.js": {"path":"C:\\Users\\Thomas Gil\\Documents\\Udemy\\thomas-gil.herokuapp.com-master\\src\\controllers\\site.js","statementMap":{"0":{"start":{"line":1,"column":13},"end":{"line":1,"column":41}},"1":{"start":{"line":2,"column":17},"end":{"line":2,"column":36}},"2":{"start":{"line":4,"column":0},"end":{"line":15,"column":2}},"3":{"start":{"line":5,"column":4},"end":{"line":14,"column":11}},"4":{"start":{"line":7,"column":12},"end":{"line":11,"column":13}},"5":{"start":{"line":8,"column":16},"end":{"line":10,"column":19}},"6":{"start":{"line":12,"column":12},"end":{"line":12,"column":28}},"7":{"start":{"line":13,"column":12},"end":{"line":13,"column":19}},"8":{"start":{"line":17,"column":0},"end":{"line":19,"column":1}},"9":{"start":{"line":18,"column":4},"end":{"line":18,"column":30}},"10":{"start":{"line":21,"column":0},"end":{"line":45,"column":1}},"11":{"start":{"line":25,"column":20},"end":{"line":35,"column":6}},"12":{"start":{"line":34,"column":54},"end":{"line":34,"column":66}},"13":{"start":{"line":37,"column":4},"end":{"line":44,"column":6}},"14":{"start":{"line":38,"column":8},"end":{"line":38,"column":36}},"15":{"start":{"line":41,"column":12},"end":{"line":43,"column":15}},"16":{"start":{"line":47,"column":0},"end":{"line":53,"column":2}},"17":{"start":{"line":48,"column":4},"end":{"line":51,"column":7}},"18":{"start":{"line":49,"column":8},"end":{"line":49,"column":35}},"19":{"start":{"line":64,"column":0},"end":{"line":84,"column":1}},"20":{"start":{"line":68,"column":20},"end":{"line":77,"column":6}},"21":{"start":{"line":76,"column":54},"end":{"line":76,"column":66}},"22":{"start":{"line":78,"column":4},"end":{"line":83,"column":6}},"23":{"start":{"line":79,"column":8},"end":{"line":81,"column":9}},"24":{"start":{"line":80,"column":12},"end":{"line":80,"column":89}},"25":{"start":{"line":82,"column":8},"end":{"line":82,"column":42}},"26":{"start":{"line":85,"column":0},"end":{"line":97,"column":2}},"27":{"start":{"line":86,"column":15},"end":{"line":86,"column":23}},"28":{"start":{"line":87,"column":4},"end":{"line":96,"column":7}},"29":{"start":{"line":88,"column":8},"end":{"line":92,"column":9}},"30":{"start":{"line":89,"column":12},"end":{"line":91,"column":15}},"31":{"start":{"line":93,"column":8},"end":{"line":95,"column":11}}},"fnMap":{"0":{"name":"(anonymous_0)","decl":{"start":{"line":4,"column":19},"end":{"line":4,"column":20}},"loc":{"start":{"line":4,"column":43},"end":{"line":15,"column":1}},"line":4},"1":{"name":"(anonymous_1)","decl":{"start":{"line":6,"column":14},"end":{"line":6,"column":15}},"loc":{"start":{"line":6,"column":29},"end":{"line":14,"column":9}},"line":6},"2":{"name":"(anonymous_2)","decl":{"start":{"line":17,"column":15},"end":{"line":17,"column":16}},"loc":{"start":{"line":17,"column":29},"end":{"line":19,"column":1}},"line":17},"3":{"name":"(anonymous_3)","decl":{"start":{"line":21,"column":17},"end":{"line":21,"column":18}},"loc":{"start":{"line":21,"column":31},"end":{"line":45,"column":1}},"line":21},"4":{"name":"(anonymous_4)","decl":{"start":{"line":34,"column":45},"end":{"line":34,"column":46}},"loc":{"start":{"line":34,"column":54},"end":{"line":34,"column":66}},"line":34},"5":{"name":"(anonymous_5)","decl":{"start":{"line":37,"column":24},"end":{"line":37,"column":25}},"loc":{"start":{"line":37,"column":34},"end":{"line":40,"column":5}},"line":37},"6":{"name":"(anonymous_6)","decl":{"start":{"line":40,"column":13},"end":{"line":40,"column":14}},"loc":{"start":{"line":40,"column":20},"end":{"line":44,"column":5}},"line":40},"7":{"name":"(anonymous_7)","decl":{"start":{"line":47,"column":15},"end":{"line":47,"column":16}},"loc":{"start":{"line":47,"column":35},"end":{"line":53,"column":1}},"line":47},"8":{"name":"(anonymous_8)","decl":{"start":{"line":48,"column":40},"end":{"line":48,"column":41}},"loc":{"start":{"line":48,"column":48},"end":{"line":51,"column":5}},"line":48},"9":{"name":"(anonymous_9)","decl":{"start":{"line":64,"column":17},"end":{"line":64,"column":18}},"loc":{"start":{"line":64,"column":31},"end":{"line":84,"column":1}},"line":64},"10":{"name":"(anonymous_10)","decl":{"start":{"line":76,"column":45},"end":{"line":76,"column":46}},"loc":{"start":{"line":76,"column":54},"end":{"line":76,"column":66}},"line":76},"11":{"name":"(anonymous_11)","decl":{"start":{"line":78,"column":72},"end":{"line":78,"column":73}},"loc":{"start":{"line":78,"column":87},"end":{"line":83,"column":5}},"line":78},"12":{"name":"(anonymous_12)","decl":{"start":{"line":85,"column":17},"end":{"line":85,"column":18}},"loc":{"start":{"line":85,"column":31},"end":{"line":97,"column":1}},"line":85},"13":{"name":"(anonymous_13)","decl":{"start":{"line":87,"column":16},"end":{"line":87,"column":17}},"loc":{"start":{"line":87,"column":38},"end":{"line":96,"column":5}},"line":87}},"branchMap":{"0":{"loc":{"start":{"line":7,"column":12},"end":{"line":11,"column":13}},"type":"if","locations":[{"start":{"line":7,"column":12},"end":{"line":11,"column":13}},{"start":{"line":7,"column":12},"end":{"line":11,"column":13}}],"line":7},"1":{"loc":{"start":{"line":7,"column":16},"end":{"line":7,"column":28}},"type":"binary-expr","locations":[{"start":{"line":7,"column":16},"end":{"line":7,"column":19}},{"start":{"line":7,"column":23},"end":{"line":7,"column":28}}],"line":7},"2":{"loc":{"start":{"line":32,"column":16},"end":{"line":34,"column":67}},"type":"cond-expr","locations":[{"start":{"line":33,"column":14},"end":{"line":33,"column":29}},{"start":{"line":34,"column":14},"end":{"line":34,"column":67}}],"line":32},"3":{"loc":{"start":{"line":74,"column":16},"end":{"line":76,"column":67}},"type":"cond-expr","locations":[{"start":{"line":75,"column":14},"end":{"line":75,"column":29}},{"start":{"line":76,"column":14},"end":{"line":76,"column":67}}],"line":74},"4":{"loc":{"start":{"line":79,"column":8},"end":{"line":81,"column":9}},"type":"if","locations":[{"start":{"line":79,"column":8},"end":{"line":81,"column":9}},{"start":{"line":79,"column":8},"end":{"line":81,"column":9}}],"line":79},"5":{"loc":{"start":{"line":88,"column":8},"end":{"line":92,"column":9}},"type":"if","locations":[{"start":{"line":88,"column":8},"end":{"line":92,"column":9}},{"start":{"line":88,"column":8},"end":{"line":92,"column":9}}],"line":88}},"s":{"0":2,"1":2,"2":2,"3":5,"4":5,"5":1,"6":4,"7":4,"8":2,"9":2,"10":2,"11":1,"12":2,"13":1,"14":1,"15":0,"16":2,"17":1,"18":1,"19":2,"20":1,"21":2,"22":1,"23":1,"24":0,"25":1,"26":2,"27":1,"28":1,"29":1,"30":0,"31":1},"f":{"0":5,"1":5,"2":2,"3":1,"4":2,"5":1,"6":0,"7":1,"8":1,"9":1,"10":2,"11":1,"12":1,"13":1},"b":{"0":[1,4],"1":[5,4],"2":[0,1],"3":[0,1],"4":[0,1],"5":[0,1]},"_coverageSchema":"1a1c01bbd47fc00a2c39e90264f33305004495a9","hash":"c16df4cab92e20ce33ffd67c7b813857eaf9853b"}
,"C:\\Users\\Thomas Gil\\Documents\\Udemy\\thomas-gil.herokuapp.com-master\\src\\controllers\\user.js": {"path":"C:\\Users\\Thomas Gil\\Documents\\Udemy\\thomas-gil.herokuapp.com-master\\src\\controllers\\user.js","statementMap":{"0":{"start":{"line":1,"column":13},"end":{"line":1,"column":38}},"1":{"start":{"line":2,"column":25},"end":{"line":2,"column":64}},"2":{"start":{"line":4,"column":0},"end":{"line":14,"column":2}},"3":{"start":{"line":5,"column":4},"end":{"line":13,"column":7}},"4":{"start":{"line":6,"column":8},"end":{"line":10,"column":9}},"5":{"start":{"line":7,"column":12},"end":{"line":9,"column":14}},"6":{"start":{"line":11,"column":8},"end":{"line":11,"column":27}},"7":{"start":{"line":12,"column":8},"end":{"line":12,"column":15}}},"fnMap":{"0":{"name":"(anonymous_0)","decl":{"start":{"line":4,"column":19},"end":{"line":4,"column":20}},"loc":{"start":{"line":4,"column":43},"end":{"line":14,"column":1}},"line":4},"1":{"name":"(anonymous_1)","decl":{"start":{"line":5,"column":27},"end":{"line":5,"column":28}},"loc":{"start":{"line":5,"column":42},"end":{"line":13,"column":5}},"line":5}},"branchMap":{"0":{"loc":{"start":{"line":6,"column":8},"end":{"line":10,"column":9}},"type":"if","locations":[{"start":{"line":6,"column":8},"end":{"line":10,"column":9}},{"start":{"line":6,"column":8},"end":{"line":10,"column":9}}],"line":6},"1":{"loc":{"start":{"line":6,"column":12},"end":{"line":6,"column":24}},"type":"binary-expr","locations":[{"start":{"line":6,"column":12},"end":{"line":6,"column":15}},{"start":{"line":6,"column":19},"end":{"line":6,"column":24}}],"line":6}},"s":{"0":2,"1":2,"2":2,"3":4,"4":4,"5":0,"6":4,"7":4},"f":{"0":4,"1":4},"b":{"0":[0,4],"1":[4,4]},"_coverageSchema":"1a1c01bbd47fc00a2c39e90264f33305004495a9","hash":"5bf5f695ec5aca0aaa233cf08719d52e8fcdb5b9"}
,"C:\\Users\\Thomas Gil\\Documents\\Udemy\\thomas-gil.herokuapp.com-master\\src\\models\\site.js": {"path":"C:\\Users\\Thomas Gil\\Documents\\Udemy\\thomas-gil.herokuapp.com-master\\src\\models\\site.js","statementMap":{"0":{"start":{"line":1,"column":17},"end":{"line":1,"column":36}},"1":{"start":{"line":3,"column":19},"end":{"line":39,"column":1}},"2":{"start":{"line":42,"column":0},"end":{"line":42,"column":52}}},"fnMap":{},"branchMap":{},"s":{"0":2,"1":2,"2":2},"f":{},"b":{},"_coverageSchema":"1a1c01bbd47fc00a2c39e90264f33305004495a9","hash":"9d6688aee4eba8bcd06e361c7270ab03b2cc9bfc"}
,"C:\\Users\\Thomas Gil\\Documents\\Udemy\\thomas-gil.herokuapp.com-master\\src\\models\\user.js": {"path":"C:\\Users\\Thomas Gil\\Documents\\Udemy\\thomas-gil.herokuapp.com-master\\src\\models\\user.js","statementMap":{"0":{"start":{"line":1,"column":17},"end":{"line":1,"column":36}},"1":{"start":{"line":2,"column":15},"end":{"line":2,"column":32}},"2":{"start":{"line":3,"column":23},"end":{"line":3,"column":38}},"3":{"start":{"line":5,"column":19},"end":{"line":33,"column":1}},"4":{"start":{"line":36,"column":0},"end":{"line":44,"column":6}},"5":{"start":{"line":38,"column":8},"end":{"line":38,"column":34}},"6":{"start":{"line":39,"column":8},"end":{"line":39,"column":29}},"7":{"start":{"line":40,"column":8},"end":{"line":40,"column":62}},"8":{"start":{"line":43,"column":8},"end":{"line":43,"column":30}},"9":{"start":{"line":46,"column":0},"end":{"line":62,"column":2}},"10":{"start":{"line":49,"column":8},"end":{"line":49,"column":72}},"11":{"start":{"line":53,"column":8},"end":{"line":53,"column":33}},"12":{"start":{"line":53,"column":23},"end":{"line":53,"column":33}},"13":{"start":{"line":54,"column":8},"end":{"line":60,"column":9}},"14":{"start":{"line":55,"column":12},"end":{"line":57,"column":30}},"15":{"start":{"line":59,"column":12},"end":{"line":59,"column":21}},"16":{"start":{"line":64,"column":0},"end":{"line":64,"column":52}}},"fnMap":{"0":{"name":"(anonymous_0)","decl":{"start":{"line":37,"column":9},"end":{"line":37,"column":10}},"loc":{"start":{"line":37,"column":29},"end":{"line":41,"column":5}},"line":37},"1":{"name":"(anonymous_1)","decl":{"start":{"line":42,"column":9},"end":{"line":42,"column":10}},"loc":{"start":{"line":42,"column":21},"end":{"line":44,"column":5}},"line":42},"2":{"name":"(anonymous_2)","decl":{"start":{"line":48,"column":18},"end":{"line":48,"column":19}},"loc":{"start":{"line":48,"column":39},"end":{"line":50,"column":5}},"line":48},"3":{"name":"(anonymous_3)","decl":{"start":{"line":52,"column":21},"end":{"line":52,"column":22}},"loc":{"start":{"line":52,"column":41},"end":{"line":61,"column":5}},"line":52}},"branchMap":{"0":{"loc":{"start":{"line":53,"column":8},"end":{"line":53,"column":33}},"type":"if","locations":[{"start":{"line":53,"column":8},"end":{"line":53,"column":33}},{"start":{"line":53,"column":8},"end":{"line":53,"column":33}}],"line":53}},"s":{"0":2,"1":2,"2":2,"3":2,"4":2,"5":3,"6":3,"7":3,"8":1,"9":2,"10":2,"11":5,"12":0,"13":5,"14":5,"15":0,"16":2},"f":{"0":3,"1":1,"2":2,"3":5},"b":{"0":[0,5]},"_coverageSchema":"1a1c01bbd47fc00a2c39e90264f33305004495a9","hash":"2135e51d76ee42fa80f5777820dc63abbdd60d9c"}
,"C:\\Users\\Thomas Gil\\Documents\\Udemy\\thomas-gil.herokuapp.com-master\\src\\routes\\site.js": {"path":"C:\\Users\\Thomas Gil\\Documents\\Udemy\\thomas-gil.herokuapp.com-master\\src\\routes\\site.js","statementMap":{"0":{"start":{"line":1,"column":16},"end":{"line":1,"column":34}},"1":{"start":{"line":2,"column":15},"end":{"line":2,"column":31}},"2":{"start":{"line":3,"column":15},"end":{"line":3,"column":32}},"3":{"start":{"line":4,"column":16},"end":{"line":12,"column":2}},"4":{"start":{"line":6,"column":8},"end":{"line":6,"column":27}},"5":{"start":{"line":9,"column":25},"end":{"line":9,"column":77}},"6":{"start":{"line":10,"column":8},"end":{"line":10,"column":26}},"7":{"start":{"line":13,"column":15},"end":{"line":23,"column":2}},"8":{"start":{"line":16,"column":8},"end":{"line":21,"column":9}},"9":{"start":{"line":17,"column":12},"end":{"line":17,"column":27}},"10":{"start":{"line":19,"column":12},"end":{"line":19,"column":28}},"11":{"start":{"line":20,"column":12},"end":{"line":20,"column":72}},"12":{"start":{"line":32,"column":4},"end":{"line":32,"column":37}},"13":{"start":{"line":36,"column":4},"end":{"line":36,"column":34}},"14":{"start":{"line":39,"column":4},"end":{"line":39,"column":34}},"15":{"start":{"line":43,"column":0},"end":{"line":43,"column":95}},"16":{"start":{"line":44,"column":0},"end":{"line":44,"column":30}},"17":{"start":{"line":45,"column":1},"end":{"line":45,"column":35}},"18":{"start":{"line":46,"column":1},"end":{"line":46,"column":100}},"19":{"start":{"line":47,"column":0},"end":{"line":47,"column":70}},"20":{"start":{"line":51,"column":0},"end":{"line":51,"column":33}},"21":{"start":{"line":52,"column":0},"end":{"line":52,"column":33}},"22":{"start":{"line":56,"column":0},"end":{"line":56,"column":24}}},"fnMap":{"0":{"name":"(anonymous_0)","decl":{"start":{"line":5,"column":17},"end":{"line":5,"column":18}},"loc":{"start":{"line":5,"column":36},"end":{"line":7,"column":5}},"line":5},"1":{"name":"(anonymous_1)","decl":{"start":{"line":8,"column":14},"end":{"line":8,"column":15}},"loc":{"start":{"line":8,"column":33},"end":{"line":11,"column":5}},"line":8},"2":{"name":"(anonymous_2)","decl":{"start":{"line":15,"column":16},"end":{"line":15,"column":17}},"loc":{"start":{"line":15,"column":35},"end":{"line":22,"column":5}},"line":15}},"branchMap":{"0":{"loc":{"start":{"line":16,"column":8},"end":{"line":21,"column":9}},"type":"if","locations":[{"start":{"line":16,"column":8},"end":{"line":21,"column":9}},{"start":{"line":16,"column":8},"end":{"line":21,"column":9}}],"line":16},"1":{"loc":{"start":{"line":16,"column":50},"end":{"line":16,"column":111}},"type":"binary-expr","locations":[{"start":{"line":16,"column":50},"end":{"line":16,"column":78}},{"start":{"line":16,"column":82},"end":{"line":16,"column":111}}],"line":16}},"s":{"0":2,"1":2,"2":2,"3":2,"4":2,"5":2,"6":2,"7":2,"8":3,"9":2,"10":1,"11":1,"12":2,"13":2,"14":2,"15":2,"16":2,"17":2,"18":2,"19":2,"20":2,"21":2,"22":2},"f":{"0":2,"1":2,"2":3},"b":{"0":[2,1],"1":[3,3]},"_coverageSchema":"1a1c01bbd47fc00a2c39e90264f33305004495a9","hash":"fa641e1f14f61fc77f3f0f5b970f0c41bf996c9a"}
,"C:\\Users\\Thomas Gil\\Documents\\Udemy\\thomas-gil.herokuapp.com-master\\src\\routes\\user.js": {"path":"C:\\Users\\Thomas Gil\\Documents\\Udemy\\thomas-gil.herokuapp.com-master\\src\\routes\\user.js","statementMap":{"0":{"start":{"line":1,"column":16},"end":{"line":1,"column":34}},"1":{"start":{"line":2,"column":15},"end":{"line":2,"column":31}},"2":{"start":{"line":7,"column":4},"end":{"line":7,"column":34}},"3":{"start":{"line":10,"column":0},"end":{"line":10,"column":58}},"4":{"start":{"line":11,"column":0},"end":{"line":11,"column":31}},"5":{"start":{"line":13,"column":0},"end":{"line":13,"column":24}}},"fnMap":{},"branchMap":{},"s":{"0":2,"1":2,"2":2,"3":2,"4":2,"5":2},"f":{},"b":{},"_coverageSchema":"1a1c01bbd47fc00a2c39e90264f33305004495a9","hash":"98736729ecd2a23658bcc54474f2ed9f6b0875bd"}
,"C:\\Users\\Thomas Gil\\Documents\\Udemy\\thomas-gil.herokuapp.com-master\\tests\\fixtures\\db.js": {"path":"C:\\Users\\Thomas Gil\\Documents\\Udemy\\thomas-gil.herokuapp.com-master\\tests\\fixtures\\db.js","statementMap":{"0":{"start":{"line":1,"column":17},"end":{"line":1,"column":36}},"1":{"start":{"line":2,"column":12},"end":{"line":2,"column":35}},"2":{"start":{"line":3,"column":13},"end":{"line":3,"column":45}},"3":{"start":{"line":4,"column":13},"end":{"line":4,"column":45}},"4":{"start":{"line":6,"column":18},"end":{"line":6,"column":47}},"5":{"start":{"line":7,"column":16},"end":{"line":14,"column":1}},"6":{"start":{"line":16,"column":18},"end":{"line":16,"column":47}},"7":{"start":{"line":17,"column":16},"end":{"line":23,"column":1}},"8":{"start":{"line":25,"column":16},"end":{"line":33,"column":1}},"9":{"start":{"line":37,"column":22},"end":{"line":42,"column":1}},"10":{"start":{"line":38,"column":4},"end":{"line":38,"column":27}},"11":{"start":{"line":39,"column":4},"end":{"line":39,"column":27}},"12":{"start":{"line":40,"column":4},"end":{"line":40,"column":34}},"13":{"start":{"line":41,"column":4},"end":{"line":41,"column":34}},"14":{"start":{"line":44,"column":0},"end":{"line":51,"column":1}}},"fnMap":{"0":{"name":"(anonymous_0)","decl":{"start":{"line":37,"column":22},"end":{"line":37,"column":23}},"loc":{"start":{"line":37,"column":34},"end":{"line":42,"column":1}},"line":37}},"branchMap":{},"s":{"0":2,"1":2,"2":2,"3":2,"4":2,"5":2,"6":2,"7":2,"8":2,"9":2,"10":2,"11":2,"12":2,"13":2,"14":2},"f":{"0":2},"b":{},"_coverageSchema":"1a1c01bbd47fc00a2c39e90264f33305004495a9","hash":"23c59b685ad52a208b742cdcce068490eb23ee32"}
}
