TN:
SF:app.js
FN:20,(anonymous_0)
FN:34,(anonymous_1)
FNF:2
FNH:1
FNDA:2,(anonymous_0)
FNDA:0,(anonymous_1)
DA:1,2
DA:2,2
DA:3,2
DA:4,2
DA:5,2
DA:6,2
DA:7,2
DA:9,2
DA:10,2
DA:11,2
DA:12,2
DA:14,2
DA:15,2
DA:20,2
DA:23,2
DA:25,2
DA:26,2
DA:27,2
DA:28,2
DA:29,2
DA:30,2
DA:31,2
DA:32,2
DA:34,2
DA:35,0
DA:39,2
LF:26
LH:25
BRF:0
BRH:0
end_of_record
TN:
SF:helpers\dbErrorHandler.js
FN:6,(anonymous_0)
FN:27,(anonymous_1)
FNF:2
FNH:1
FNDA:0,(anonymous_0)
FNDA:1,(anonymous_1)
DA:6,2
DA:8,0
DA:9,0
DA:13,0
DA:18,0
DA:21,0
DA:27,2
DA:28,1
DA:30,1
DA:31,0
DA:34,0
DA:35,0
DA:37,0
DA:40,1
DA:41,1
DA:42,1
DA:46,1
LF:17
LH:8
BRDA:30,0,0,0
BRDA:30,0,1,1
BRDA:31,1,0,0
BRDA:31,1,1,0
BRDA:31,1,2,0
BRDA:41,2,0,1
BRDA:41,2,1,0
BRF:7
BRH:2
end_of_record
TN:
SF:src\controllers\auth.js
FN:7,(anonymous_0)
FN:9,(anonymous_1)
FN:24,(anonymous_2)
FN:27,(anonymous_3)
FN:50,(anonymous_4)
FN:61,(anonymous_5)
FNF:6
FNH:5
FNDA:2,(anonymous_0)
FNDA:2,(anonymous_1)
FNDA:2,(anonymous_2)
FNDA:2,(anonymous_3)
FNDA:0,(anonymous_4)
FNDA:4,(anonymous_5)
DA:1,2
DA:2,2
DA:3,2
DA:4,2
DA:5,2
DA:7,2
DA:8,2
DA:9,2
DA:10,2
DA:11,1
DA:16,1
DA:17,1
DA:18,1
DA:24,2
DA:26,2
DA:27,2
DA:28,2
DA:29,0
DA:35,2
DA:36,1
DA:41,1
DA:45,1
DA:46,1
DA:50,2
DA:51,0
DA:52,0
DA:55,2
DA:61,2
DA:62,4
DA:63,4
DA:64,0
DA:68,4
LF:32
LH:28
BRDA:10,0,0,1
BRDA:10,0,1,1
BRDA:28,1,0,0
BRDA:28,1,1,2
BRDA:28,2,0,2
BRDA:28,2,1,2
BRDA:35,3,0,1
BRDA:35,3,1,1
BRDA:62,4,0,4
BRDA:62,4,1,4
BRDA:62,4,2,4
BRDA:63,5,0,0
BRDA:63,5,1,4
BRF:13
BRH:11
end_of_record
TN:
SF:src\controllers\site.js
FN:4,(anonymous_0)
FN:6,(anonymous_1)
FN:17,(anonymous_2)
FN:21,(anonymous_3)
FN:34,(anonymous_4)
FN:37,(anonymous_5)
FN:40,(anonymous_6)
FN:47,(anonymous_7)
FN:48,(anonymous_8)
FN:64,(anonymous_9)
FN:76,(anonymous_10)
FN:78,(anonymous_11)
FN:85,(anonymous_12)
FN:87,(anonymous_13)
FNF:14
FNH:13
FNDA:5,(anonymous_0)
FNDA:5,(anonymous_1)
FNDA:2,(anonymous_2)
FNDA:1,(anonymous_3)
FNDA:2,(anonymous_4)
FNDA:1,(anonymous_5)
FNDA:0,(anonymous_6)
FNDA:1,(anonymous_7)
FNDA:1,(anonymous_8)
FNDA:1,(anonymous_9)
FNDA:2,(anonymous_10)
FNDA:1,(anonymous_11)
FNDA:1,(anonymous_12)
FNDA:1,(anonymous_13)
DA:1,2
DA:2,2
DA:4,2
DA:5,5
DA:7,5
DA:8,1
DA:12,4
DA:13,4
DA:17,2
DA:18,2
DA:21,2
DA:25,1
DA:34,2
DA:37,1
DA:38,1
DA:41,0
DA:47,2
DA:48,1
DA:49,1
DA:64,2
DA:68,1
DA:76,2
DA:78,1
DA:79,1
DA:80,0
DA:82,1
DA:85,2
DA:86,1
DA:87,1
DA:88,1
DA:89,0
DA:93,1
LF:32
LH:29
BRDA:7,0,0,1
BRDA:7,0,1,4
BRDA:7,1,0,5
BRDA:7,1,1,4
BRDA:32,2,0,0
BRDA:32,2,1,1
BRDA:74,3,0,0
BRDA:74,3,1,1
BRDA:79,4,0,0
BRDA:79,4,1,1
BRDA:88,5,0,0
BRDA:88,5,1,1
BRF:12
BRH:8
end_of_record
TN:
SF:src\controllers\user.js
FN:4,(anonymous_0)
FN:5,(anonymous_1)
FNF:2
FNH:2
FNDA:4,(anonymous_0)
FNDA:4,(anonymous_1)
DA:1,2
DA:2,2
DA:4,2
DA:5,4
DA:6,4
DA:7,0
DA:11,4
DA:12,4
LF:8
LH:7
BRDA:6,0,0,0
BRDA:6,0,1,4
BRDA:6,1,0,4
BRDA:6,1,1,4
BRF:4
BRH:3
end_of_record
TN:
SF:src\models\site.js
FNF:0
FNH:0
DA:1,2
DA:3,2
DA:42,2
LF:3
LH:3
BRF:0
BRH:0
end_of_record
TN:
SF:src\models\user.js
FN:37,(anonymous_0)
FN:42,(anonymous_1)
FN:48,(anonymous_2)
FN:52,(anonymous_3)
FNF:4
FNH:4
FNDA:3,(anonymous_0)
FNDA:1,(anonymous_1)
FNDA:2,(anonymous_2)
FNDA:5,(anonymous_3)
DA:1,2
DA:2,2
DA:3,2
DA:5,2
DA:36,2
DA:38,3
DA:39,3
DA:40,3
DA:43,1
DA:46,2
DA:49,2
DA:53,5
DA:54,5
DA:55,5
DA:59,0
DA:64,2
LF:16
LH:15
BRDA:53,0,0,0
BRDA:53,0,1,5
BRF:2
BRH:1
end_of_record
TN:
SF:src\routes\site.js
FN:5,(anonymous_0)
FN:8,(anonymous_1)
FN:15,(anonymous_2)
FNF:3
FNH:3
FNDA:2,(anonymous_0)
FNDA:2,(anonymous_1)
FNDA:3,(anonymous_2)
DA:1,2
DA:2,2
DA:3,2
DA:4,2
DA:6,2
DA:9,2
DA:10,2
DA:13,2
DA:16,3
DA:17,2
DA:19,1
DA:20,1
DA:32,2
DA:36,2
DA:39,2
DA:43,2
DA:44,2
DA:45,2
DA:46,2
DA:47,2
DA:51,2
DA:52,2
DA:56,2
LF:23
LH:23
BRDA:16,0,0,2
BRDA:16,0,1,1
BRDA:16,1,0,3
BRDA:16,1,1,3
BRF:4
BRH:4
end_of_record
TN:
SF:src\routes\user.js
FNF:0
FNH:0
DA:1,2
DA:2,2
DA:7,2
DA:10,2
DA:11,2
DA:13,2
LF:6
LH:6
BRF:0
BRH:0
end_of_record
TN:
SF:tests\fixtures\db.js
FN:37,(anonymous_0)
FNF:1
FNH:1
FNDA:2,(anonymous_0)
DA:1,2
DA:2,2
DA:3,2
DA:4,2
DA:6,2
DA:7,2
DA:16,2
DA:17,2
DA:25,2
DA:37,2
DA:38,2
DA:39,2
DA:40,2
DA:41,2
DA:44,2
LF:15
LH:15
BRF:0
BRH:0
end_of_record
