TN:
SF:helpers\dbErrorHandler.js
FN:6,(anonymous_0)
FN:27,(anonymous_1)
FNF:2
FNH:1
FNDA:0,(anonymous_0)
FNDA:1,(anonymous_1)
DA:6,2
DA:8,0
DA:9,0
DA:13,0
DA:18,0
DA:21,0
DA:27,2
DA:28,1
DA:30,1
DA:31,0
DA:34,0
DA:35,0
DA:37,0
DA:40,1
DA:41,1
DA:42,1
DA:46,1
LF:17
LH:8
BRDA:30,0,0,0
BRDA:30,0,1,1
BRDA:31,1,0,0
BRDA:31,1,1,0
BRDA:31,1,2,0
BRDA:41,2,0,1
BRDA:41,2,1,0
BRF:7
BRH:2
end_of_record
TN:
SF:src\app.js
FN:34,(anonymous_0)
FNF:1
FNH:0
FNDA:0,(anonymous_0)
DA:1,2
DA:2,2
DA:3,2
DA:4,2
DA:5,2
DA:6,2
DA:7,2
DA:9,2
DA:10,2
DA:11,2
DA:12,2
DA:14,2
DA:15,2
DA:23,2
DA:25,2
DA:26,2
DA:27,2
DA:28,2
DA:29,2
DA:30,2
DA:31,2
DA:32,2
DA:34,2
DA:35,0
DA:39,2
LF:25
LH:24
BRF:0
BRH:0
end_of_record
TN:
SF:src\controllers\auth.js
FN:7,(anonymous_0)
FN:9,(anonymous_1)
FN:24,(anonymous_2)
FN:27,(anonymous_3)
FN:50,(anonymous_4)
FN:61,(anonymous_5)
FNF:6
FNH:5
FNDA:2,(anonymous_0)
FNDA:2,(anonymous_1)
FNDA:2,(anonymous_2)
FNDA:2,(anonymous_3)
FNDA:0,(anonymous_4)
FNDA:1,(anonymous_5)
DA:1,2
DA:2,2
DA:3,2
DA:4,2
DA:5,2
DA:7,2
DA:8,2
DA:9,2
DA:10,2
DA:11,1
DA:16,1
DA:17,1
DA:18,1
DA:24,2
DA:26,2
DA:27,2
DA:28,2
DA:29,0
DA:35,2
DA:36,1
DA:41,1
DA:45,1
DA:46,1
DA:50,2
DA:51,0
DA:52,0
DA:55,2
DA:61,2
DA:62,1
DA:63,1
DA:64,0
DA:68,1
LF:32
LH:28
BRDA:10,0,0,1
BRDA:10,0,1,1
BRDA:28,1,0,0
BRDA:28,1,1,2
BRDA:28,2,0,2
BRDA:28,2,1,2
BRDA:35,3,0,1
BRDA:35,3,1,1
BRDA:62,4,0,1
BRDA:62,4,1,1
BRDA:62,4,2,1
BRDA:63,5,0,0
BRDA:63,5,1,1
BRF:13
BRH:11
end_of_record
TN:
SF:src\controllers\site.js
FN:4,(anonymous_0)
FN:6,(anonymous_1)
FN:17,(anonymous_2)
FN:21,(anonymous_3)
FN:37,(anonymous_4)
FN:40,(anonymous_5)
FN:43,(anonymous_6)
FN:51,(anonymous_7)
FN:52,(anonymous_8)
FN:68,(anonymous_9)
FN:84,(anonymous_10)
FN:86,(anonymous_11)
FN:94,(anonymous_12)
FN:96,(anonymous_13)
FNF:14
FNH:7
FNDA:2,(anonymous_0)
FNDA:2,(anonymous_1)
FNDA:2,(anonymous_2)
FNDA:1,(anonymous_3)
FNDA:0,(anonymous_4)
FNDA:1,(anonymous_5)
FNDA:0,(anonymous_6)
FNDA:1,(anonymous_7)
FNDA:1,(anonymous_8)
FNDA:0,(anonymous_9)
FNDA:0,(anonymous_10)
FNDA:0,(anonymous_11)
FNDA:0,(anonymous_12)
FNDA:0,(anonymous_13)
DA:1,2
DA:2,2
DA:4,2
DA:5,2
DA:7,2
DA:8,0
DA:12,2
DA:13,2
DA:17,2
DA:18,2
DA:21,2
DA:22,1
DA:23,1
DA:24,1
DA:28,1
DA:37,0
DA:40,1
DA:41,1
DA:44,0
DA:51,2
DA:52,1
DA:53,1
DA:68,2
DA:69,0
DA:70,0
DA:71,0
DA:72,0
DA:76,0
DA:84,0
DA:86,0
DA:87,0
DA:88,0
DA:90,0
DA:91,0
DA:94,2
DA:95,0
DA:96,0
DA:97,0
DA:98,0
DA:102,0
LF:40
LH:21
BRDA:7,0,0,0
BRDA:7,0,1,2
BRDA:7,1,0,2
BRDA:7,1,1,2
BRDA:35,2,0,1
BRDA:35,2,1,0
BRDA:82,3,0,0
BRDA:82,3,1,0
BRDA:87,4,0,0
BRDA:87,4,1,0
BRDA:97,5,0,0
BRDA:97,5,1,0
BRF:12
BRH:4
end_of_record
TN:
SF:src\controllers\user.js
FN:4,(anonymous_0)
FN:5,(anonymous_1)
FNF:2
FNH:2
FNDA:1,(anonymous_0)
FNDA:1,(anonymous_1)
DA:1,2
DA:2,2
DA:4,2
DA:5,1
DA:6,1
DA:7,0
DA:11,1
DA:12,1
LF:8
LH:7
BRDA:6,0,0,0
BRDA:6,0,1,1
BRDA:6,1,0,1
BRDA:6,1,1,1
BRF:4
BRH:3
end_of_record
TN:
SF:src\models\site.js
FNF:0
FNH:0
DA:1,2
DA:3,2
DA:42,2
LF:3
LH:3
BRF:0
BRH:0
end_of_record
TN:
SF:src\models\user.js
FN:37,(anonymous_0)
FN:42,(anonymous_1)
FN:48,(anonymous_2)
FN:52,(anonymous_3)
FNF:4
FNH:4
FNDA:2,(anonymous_0)
FNDA:1,(anonymous_1)
FNDA:2,(anonymous_2)
FNDA:4,(anonymous_3)
DA:1,2
DA:2,2
DA:3,2
DA:5,2
DA:36,2
DA:38,2
DA:39,2
DA:40,2
DA:43,1
DA:46,2
DA:49,2
DA:53,4
DA:54,4
DA:55,4
DA:59,0
DA:64,2
LF:16
LH:15
BRDA:53,0,0,0
BRDA:53,0,1,4
BRF:2
BRH:1
end_of_record
TN:
SF:src\routes\site.js
FN:7,(anonymous_0)
FN:10,(anonymous_1)
FN:17,(anonymous_2)
FNF:3
FNH:0
FNDA:0,(anonymous_0)
FNDA:0,(anonymous_1)
FNDA:0,(anonymous_2)
DA:1,2
DA:2,2
DA:3,2
DA:4,2
DA:5,2
DA:6,2
DA:8,0
DA:11,0
DA:12,0
DA:15,2
DA:18,0
DA:19,0
DA:21,0
DA:22,0
DA:34,2
DA:38,2
DA:41,2
DA:45,2
DA:46,2
DA:47,2
DA:48,2
DA:49,2
DA:53,2
DA:54,2
DA:58,2
LF:25
LH:18
BRDA:18,0,0,0
BRDA:18,0,1,0
BRDA:18,1,0,0
BRDA:18,1,1,0
BRDA:18,1,2,0
BRF:5
BRH:0
end_of_record
TN:
SF:src\routes\user.js
FNF:0
FNH:0
DA:1,2
DA:2,2
DA:7,2
DA:10,2
DA:11,2
DA:13,2
LF:6
LH:6
BRF:0
BRH:0
end_of_record
